[ 2018-05-14T17:24:54+08:00 ] ::1 /Github/Xiaoshuo/index.php/book/100.html
INFO: [ app_init ] --START--
INFO: Run Behavior\BuildLiteBehavior [ RunTime:0.000029s ]
INFO: [ app_init ] --END-- [ RunTime:0.000493s ]

[ 2018-05-14T17:26:56+08:00 ] ::1 /Github/Xiaoshuo/index/book/100.html
INFO: [ app_init ] --START--
INFO: Run Behavior\BuildLiteBehavior [ RunTime:0.000038s ]
INFO: [ app_init ] --END-- [ RunTime:0.000650s ]
NOTIC: [2] preg_match(): Unknown modifier 'a' F:\wamp\www\Github\ThinkPHP\Library\Think\Route.class.php 第 58 行.
ERR: 无法加载模块:Book

[ 2018-05-14T17:28:59+08:00 ] ::1 /Github/Xiaoshuo/index/book/100.html
INFO: [ app_init ] --START--
INFO: Run Behavior\BuildLiteBehavior [ RunTime:0.000035s ]
INFO: [ app_init ] --END-- [ RunTime:0.000632s ]
NOTIC: [2] preg_match(): Unknown modifier 'I' F:\wamp\www\Github\ThinkPHP\Library\Think\Route.class.php 第 58 行.
ERR: 无法加载模块:Book

[ 2018-05-14T17:29:01+08:00 ] ::1 /Github/Xiaoshuo/index/book/100.html
INFO: [ app_init ] --START--
INFO: Run Behavior\BuildLiteBehavior [ RunTime:0.000028s ]
INFO: [ app_init ] --END-- [ RunTime:0.000481s ]
NOTIC: [2] preg_match(): Unknown modifier 'I' F:\wamp\www\Github\ThinkPHP\Library\Think\Route.class.php 第 58 行.
ERR: 无法加载模块:Book

[ 2018-05-14T17:39:07+08:00 ] ::1 /Github/Xiaoshuo/index.php/m/id/10.html
INFO: [ app_init ] --START--
INFO: Run Behavior\BuildLiteBehavior [ RunTime:0.000031s ]
INFO: [ app_init ] --END-- [ RunTime:0.000193s ]
ERR: 无法加载模块:M

[ 2018-05-14T17:39:10+08:00 ] ::1 /Github/Xiaoshuo/index.php/m/id/10.html
INFO: [ app_init ] --START--
INFO: Run Behavior\BuildLiteBehavior [ RunTime:0.000038s ]
INFO: [ app_init ] --END-- [ RunTime:0.000189s ]
ERR: 无法加载模块:M

[ 2018-05-14T17:39:11+08:00 ] ::1 /Github/Xiaoshuo/index.php/m/id/10.html
INFO: [ app_init ] --START--
INFO: Run Behavior\BuildLiteBehavior [ RunTime:0.000037s ]
INFO: [ app_init ] --END-- [ RunTime:0.000210s ]
ERR: 无法加载模块:M

[ 2018-05-14T17:39:11+08:00 ] ::1 /Github/Xiaoshuo/index.php/m/id/10.html
INFO: [ app_init ] --START--
INFO: Run Behavior\BuildLiteBehavior [ RunTime:0.000025s ]
INFO: [ app_init ] --END-- [ RunTime:0.000153s ]
ERR: 无法加载模块:M

[ 2018-05-14T17:39:12+08:00 ] ::1 /Github/Xiaoshuo/index.php/m/id/10.html
INFO: [ app_init ] --START--
INFO: Run Behavior\BuildLiteBehavior [ RunTime:0.000030s ]
INFO: [ app_init ] --END-- [ RunTime:0.000179s ]
ERR: 无法加载模块:M

[ 2018-05-14T17:39:12+08:00 ] ::1 /Github/Xiaoshuo/index.php/m/id/10.html
INFO: [ app_init ] --START--
INFO: Run Behavior\BuildLiteBehavior [ RunTime:0.000041s ]
INFO: [ app_init ] --END-- [ RunTime:0.000241s ]
ERR: 无法加载模块:M

[ 2018-05-14T17:39:12+08:00 ] ::1 /Github/Xiaoshuo/index.php/m/id/10.html
INFO: [ app_init ] --START--
INFO: Run Behavior\BuildLiteBehavior [ RunTime:0.000041s ]
INFO: [ app_init ] --END-- [ RunTime:0.000243s ]
ERR: 无法加载模块:M

[ 2018-05-14T17:39:13+08:00 ] ::1 /Github/Xiaoshuo/index.php/m/id/10.html
INFO: [ app_init ] --START--
INFO: Run Behavior\BuildLiteBehavior [ RunTime:0.000043s ]
INFO: [ app_init ] --END-- [ RunTime:0.000266s ]
ERR: 无法加载模块:M

[ 2018-05-14T17:39:13+08:00 ] ::1 /Github/Xiaoshuo/index.php/m/id/10.html
INFO: [ app_init ] --START--
INFO: Run Behavior\BuildLiteBehavior [ RunTime:0.000047s ]
INFO: [ app_init ] --END-- [ RunTime:0.000301s ]
ERR: 无法加载模块:M

[ 2018-05-14T17:39:13+08:00 ] ::1 /Github/Xiaoshuo/index.php/m/id/10.html
INFO: [ app_init ] --START--
INFO: Run Behavior\BuildLiteBehavior [ RunTime:0.000033s ]
INFO: [ app_init ] --END-- [ RunTime:0.000189s ]
ERR: 无法加载模块:M

[ 2018-05-14T17:39:13+08:00 ] ::1 /Github/Xiaoshuo/index.php/m/id/10.html
INFO: [ app_init ] --START--
INFO: Run Behavior\BuildLiteBehavior [ RunTime:0.000030s ]
INFO: [ app_init ] --END-- [ RunTime:0.000177s ]
ERR: 无法加载模块:M

[ 2018-05-14T17:39:14+08:00 ] ::1 /Github/Xiaoshuo/index.php/m/id/10.html
INFO: [ app_init ] --START--
INFO: Run Behavior\BuildLiteBehavior [ RunTime:0.000027s ]
INFO: [ app_init ] --END-- [ RunTime:0.000195s ]
ERR: 无法加载模块:M

[ 2018-05-14T17:39:14+08:00 ] ::1 /Github/Xiaoshuo/index.php/m/id/10.html
INFO: [ app_init ] --START--
INFO: Run Behavior\BuildLiteBehavior [ RunTime:0.000031s ]
INFO: [ app_init ] --END-- [ RunTime:0.000184s ]
ERR: 无法加载模块:M

[ 2018-05-14T17:39:14+08:00 ] ::1 /Github/Xiaoshuo/index.php/m/id/10.html
INFO: [ app_init ] --START--
INFO: Run Behavior\BuildLiteBehavior [ RunTime:0.000034s ]
INFO: [ app_init ] --END-- [ RunTime:0.000201s ]
ERR: 无法加载模块:M

[ 2018-05-14T17:39:14+08:00 ] ::1 /Github/Xiaoshuo/index.php/m/id/10.html
INFO: [ app_init ] --START--
INFO: Run Behavior\BuildLiteBehavior [ RunTime:0.000030s ]
INFO: [ app_init ] --END-- [ RunTime:0.000178s ]
ERR: 无法加载模块:M

[ 2018-05-14T17:39:15+08:00 ] ::1 /Github/Xiaoshuo/index.php/m/id/10.html
INFO: [ app_init ] --START--
INFO: Run Behavior\BuildLiteBehavior [ RunTime:0.000080s ]
INFO: [ app_init ] --END-- [ RunTime:0.000324s ]
ERR: 无法加载模块:M

[ 2018-05-14T17:39:16+08:00 ] ::1 /Github/Xiaoshuo/index.php/m/id/10.html
INFO: [ app_init ] --START--
INFO: Run Behavior\BuildLiteBehavior [ RunTime:0.000028s ]
INFO: [ app_init ] --END-- [ RunTime:0.000158s ]
ERR: 无法加载模块:M

[ 2018-05-14T17:39:16+08:00 ] ::1 /Github/Xiaoshuo/index.php/m/id/10.html
INFO: [ app_init ] --START--
INFO: Run Behavior\BuildLiteBehavior [ RunTime:0.000026s ]
INFO: [ app_init ] --END-- [ RunTime:0.000153s ]
ERR: 无法加载模块:M

[ 2018-05-14T17:39:17+08:00 ] ::1 /Github/Xiaoshuo/index.php/m/id/10.html
INFO: [ app_init ] --START--
INFO: Run Behavior\BuildLiteBehavior [ RunTime:0.000030s ]
INFO: [ app_init ] --END-- [ RunTime:0.000177s ]
ERR: 无法加载模块:M

[ 2018-05-14T17:39:17+08:00 ] ::1 /Github/Xiaoshuo/index.php/m/id/10.html
INFO: [ app_init ] --START--
INFO: Run Behavior\BuildLiteBehavior [ RunTime:0.000027s ]
INFO: [ app_init ] --END-- [ RunTime:0.000156s ]
ERR: 无法加载模块:M

[ 2018-05-14T17:39:17+08:00 ] ::1 /Github/Xiaoshuo/index.php/m/id/10.html
INFO: [ app_init ] --START--
INFO: Run Behavior\BuildLiteBehavior [ RunTime:0.000026s ]
INFO: [ app_init ] --END-- [ RunTime:0.000155s ]
ERR: 无法加载模块:M

[ 2018-05-14T17:39:17+08:00 ] ::1 /Github/Xiaoshuo/index.php/m/id/10.html
INFO: [ app_init ] --START--
INFO: Run Behavior\BuildLiteBehavior [ RunTime:0.000043s ]
INFO: [ app_init ] --END-- [ RunTime:0.000251s ]
ERR: 无法加载模块:M

[ 2018-05-14T17:39:18+08:00 ] ::1 /Github/Xiaoshuo/index.php/m/id/10.html
INFO: [ app_init ] --START--
INFO: Run Behavior\BuildLiteBehavior [ RunTime:0.000026s ]
INFO: [ app_init ] --END-- [ RunTime:0.000157s ]
ERR: 无法加载模块:M

[ 2018-05-14T17:39:19+08:00 ] ::1 /Github/Xiaoshuo/index.php/m/id/10.html
INFO: [ app_init ] --START--
INFO: Run Behavior\BuildLiteBehavior [ RunTime:0.000038s ]
INFO: [ app_init ] --END-- [ RunTime:0.000202s ]
ERR: 无法加载模块:M

[ 2018-05-14T17:39:19+08:00 ] ::1 /Github/Xiaoshuo/index.php/m/id/10.html
INFO: [ app_init ] --START--
INFO: Run Behavior\BuildLiteBehavior [ RunTime:0.000032s ]
INFO: [ app_init ] --END-- [ RunTime:0.000182s ]
ERR: 无法加载模块:M

[ 2018-05-14T17:39:57+08:00 ] ::1 /Github/Xiaoshuo/index.php/m/id/10.html
INFO: [ app_init ] --START--
INFO: Run Behavior\BuildLiteBehavior [ RunTime:0.000030s ]
INFO: [ app_init ] --END-- [ RunTime:0.000176s ]
ERR: 无法加载模块:M

[ 2018-05-14T17:47:49+08:00 ] ::1 /Github/Xiaoshuo/index.php/book/id/10.html
INFO: [ app_init ] --START--
INFO: Run Behavior\BuildLiteBehavior [ RunTime:0.000067s ]
INFO: [ app_init ] --END-- [ RunTime:0.000382s ]
ERR: 无法加载模块:Book

[ 2018-05-14T17:48:03+08:00 ] ::1 /Github/Xiaoshuo/index.php/book/id/10.html
INFO: [ app_init ] --START--
INFO: Run Behavior\BuildLiteBehavior [ RunTime:0.000039s ]
INFO: [ app_init ] --END-- [ RunTime:0.000333s ]
ERR: 无法加载模块:Book

[ 2018-05-14T17:48:04+08:00 ] ::1 /Github/Xiaoshuo/index.php/book/id/10.html
INFO: [ app_init ] --START--
INFO: Run Behavior\BuildLiteBehavior [ RunTime:0.000039s ]
INFO: [ app_init ] --END-- [ RunTime:0.000250s ]
ERR: 无法加载模块:Book

[ 2018-05-14T17:48:07+08:00 ] ::1 /Github/Xiaoshuo/index.php/book/id/10.html
INFO: [ app_init ] --START--
INFO: Run Behavior\BuildLiteBehavior [ RunTime:0.000027s ]
INFO: [ app_init ] --END-- [ RunTime:0.000164s ]
ERR: 无法加载模块:Book

[ 2018-05-14T17:48:07+08:00 ] ::1 /Github/Xiaoshuo/index.php/book/id/10.html
INFO: [ app_init ] --START--
INFO: Run Behavior\BuildLiteBehavior [ RunTime:0.000034s ]
INFO: [ app_init ] --END-- [ RunTime:0.000287s ]
ERR: 无法加载模块:Book

[ 2018-05-14T17:48:08+08:00 ] ::1 /Github/Xiaoshuo/index.php/book/id/10.html
INFO: [ app_init ] --START--
INFO: Run Behavior\BuildLiteBehavior [ RunTime:0.000033s ]
INFO: [ app_init ] --END-- [ RunTime:0.000199s ]
ERR: 无法加载模块:Book

[ 2018-05-14T17:48:08+08:00 ] ::1 /Github/Xiaoshuo/index.php/book/id/10.html
INFO: [ app_init ] --START--
INFO: Run Behavior\BuildLiteBehavior [ RunTime:0.000078s ]
INFO: [ app_init ] --END-- [ RunTime:0.000411s ]
ERR: 无法加载模块:Book

[ 2018-05-14T17:48:08+08:00 ] ::1 /Github/Xiaoshuo/index.php/book/id/10.html
INFO: [ app_init ] --START--
INFO: Run Behavior\BuildLiteBehavior [ RunTime:0.000028s ]
INFO: [ app_init ] --END-- [ RunTime:0.000213s ]
ERR: 无法加载模块:Book

[ 2018-05-14T17:48:08+08:00 ] ::1 /Github/Xiaoshuo/index.php/book/id/10.html
INFO: [ app_init ] --START--
INFO: Run Behavior\BuildLiteBehavior [ RunTime:0.000053s ]
INFO: [ app_init ] --END-- [ RunTime:0.000335s ]
ERR: 无法加载模块:Book

[ 2018-05-14T17:48:09+08:00 ] ::1 /Github/Xiaoshuo/index.php/book/id/10.html
INFO: [ app_init ] --START--
INFO: Run Behavior\BuildLiteBehavior [ RunTime:0.000030s ]
INFO: [ app_init ] --END-- [ RunTime:0.000220s ]
ERR: 无法加载模块:Book

[ 2018-05-14T17:48:09+08:00 ] ::1 /Github/Xiaoshuo/index.php/book/id/10.html
INFO: [ app_init ] --START--
INFO: Run Behavior\BuildLiteBehavior [ RunTime:0.000046s ]
INFO: [ app_init ] --END-- [ RunTime:0.000344s ]
ERR: 无法加载模块:Book

[ 2018-05-14T17:48:09+08:00 ] ::1 /Github/Xiaoshuo/index.php/book/id/10.html
INFO: [ app_init ] --START--
INFO: Run Behavior\BuildLiteBehavior [ RunTime:0.000033s ]
INFO: [ app_init ] --END-- [ RunTime:0.000221s ]
ERR: 无法加载模块:Book

[ 2018-05-14T17:48:09+08:00 ] ::1 /Github/Xiaoshuo/index.php/book/id/10.html
INFO: [ app_init ] --START--
INFO: Run Behavior\BuildLiteBehavior [ RunTime:0.000031s ]
INFO: [ app_init ] --END-- [ RunTime:0.000223s ]
ERR: 无法加载模块:Book

