[ 2018-05-24T14:29:47+08:00 ] ::1 /Github/Xiaoshuo/index.php?m=Home&c=Index&a=index
INFO: [ app_init ] --START--
INFO: Run Behavior\BuildLiteBehavior [ RunTime:0.000048s ]
INFO: [ app_init ] --END-- [ RunTime:0.111026s ]
INFO: [ app_begin ] --START--
INFO: Run Behavior\ReadHtmlCacheBehavior [ RunTime:0.067746s ]
INFO: [ app_begin ] --END-- [ RunTime:0.067986s ]
NOTIC: [2] DOMDocument::loadHTML(): htmlParseEntityRef: no name in Entity, line: 1 F:\wamp\www\Github\ThinkPHP\Library\QL\phpQuery.php 第 328 行.
NOTIC: [2] DOMDocument::loadHTML(): htmlParseEntityRef: no name in Entity, line: 1 F:\wamp\www\Github\ThinkPHP\Library\QL\phpQuery.php 第 328 行.
NOTIC: [8] Undefined offset: 0 F:\wamp\www\Github\Xiaoshuo\Home\Controller\IndexController.class.php 第 25 行.
NOTIC: [2] DOMDocument::loadHTML(): input conversion failed due to input error, bytes 0xBC 0x74 0xC7 0x57 F:\wamp\www\Github\ThinkPHP\Library\QL\phpQuery.php 第 328 行.
NOTIC: [2] DOMDocument::loadHTML(): input conversion failed due to input error, bytes 0xBC 0x74 0xC7 0x57 F:\wamp\www\Github\ThinkPHP\Library\QL\phpQuery.php 第 328 行.
NOTIC: [2] DOMDocument::loadHTML(): htmlCheckEncoding: encoder error in Entity, line: 2 F:\wamp\www\Github\ThinkPHP\Library\QL\phpQuery.php 第 328 行.
NOTIC: [2] DOMDocument::loadHTML(): input conversion failed due to input error, bytes 0xBC 0x74 0xC7 0x57 F:\wamp\www\Github\ThinkPHP\Library\QL\phpQuery.php 第 328 行.
NOTIC: [2] DOMDocument::loadHTML(): encoder errorinput conversion failed due to input error, bytes 0xBC 0x74 0xC7 0x57 F:\wamp\www\Github\ThinkPHP\Library\QL\phpQuery.php 第 328 行.
NOTIC: [2] DOMDocument::loadHTML(): input conversion failed due to input error, bytes 0xBC 0x74 0xC7 0x57 F:\wamp\www\Github\ThinkPHP\Library\QL\phpQuery.php 第 328 行.
NOTIC: [2] DOMDocument::loadHTML(): htmlCheckEncoding: encoder error in Entity, line: 2 F:\wamp\www\Github\ThinkPHP\Library\QL\phpQuery.php 第 328 行.
NOTIC: [2] DOMDocument::loadHTML(): input conversion failed due to input error, bytes 0xBC 0x74 0xC7 0x57 F:\wamp\www\Github\ThinkPHP\Library\QL\phpQuery.php 第 328 行.
NOTIC: [8] Undefined offset: 1 F:\wamp\www\Github\Xiaoshuo\Home\Controller\IndexController.class.php 第 25 行.
NOTIC: [2] DOMDocument::loadHTML(): encoder errorinput conversion failed due to input error, bytes 0xBC 0x74 0xC7 0x57 F:\wamp\www\Github\ThinkPHP\Library\QL\phpQuery.php 第 328 行.
NOTIC: [2] DOMDocument::loadHTML(): input conversion failed due to input error, bytes 0xBC 0x74 0xC7 0x57 F:\wamp\www\Github\ThinkPHP\Library\QL\phpQuery.php 第 328 行.
NOTIC: [2] DOMDocument::loadHTML(): htmlCheckEncoding: encoder error in Entity, line: 2 F:\wamp\www\Github\ThinkPHP\Library\QL\phpQuery.php 第 328 行.
NOTIC: [2] DOMDocument::loadHTML(): input conversion failed due to input error, bytes 0xBC 0x74 0xC7 0x57 F:\wamp\www\Github\ThinkPHP\Library\QL\phpQuery.php 第 328 行.
NOTIC: [2] DOMDocument::loadHTML(): encoder errorinput conversion failed due to input error, bytes 0xBC 0x74 0xC7 0x57 F:\wamp\www\Github\ThinkPHP\Library\QL\phpQuery.php 第 328 行.
NOTIC: [2] DOMDocument::loadHTML(): input conversion failed due to input error, bytes 0xBC 0x74 0xC7 0x57 F:\wamp\www\Github\ThinkPHP\Library\QL\phpQuery.php 第 328 行.
NOTIC: [2] DOMDocument::loadHTML(): htmlCheckEncoding: encoder error in Entity, line: 2 F:\wamp\www\Github\ThinkPHP\Library\QL\phpQuery.php 第 328 行.
NOTIC: [2] DOMDocument::loadHTML(): input conversion failed due to input error, bytes 0xBC 0x74 0xC7 0x57 F:\wamp\www\Github\ThinkPHP\Library\QL\phpQuery.php 第 328 行.
INFO: [ app_end ] --START--
INFO: Run Behavior\ShowPageTraceBehavior [ RunTime:0.141101s ]
INFO: [ app_end ] --END-- [ RunTime:0.141452s ]

[ 2018-05-24T14:29:51+08:00 ] ::1 /Github/Xiaoshuo/index.php?m=Home&c=Index&a=index
INFO: [ app_init ] --START--
INFO: Run Behavior\BuildLiteBehavior [ RunTime:0.000053s ]
INFO: [ app_init ] --END-- [ RunTime:0.001223s ]
INFO: [ app_begin ] --START--
INFO: Run Behavior\ReadHtmlCacheBehavior [ RunTime:0.000911s ]
INFO: [ app_begin ] --END-- [ RunTime:0.001084s ]
NOTIC: [2] DOMDocument::loadHTML(): input conversion failed due to input error, bytes 0x8C 0xC5 0xCB 0xBF F:\wamp\www\Github\ThinkPHP\Library\QL\phpQuery.php 第 328 行.
NOTIC: [2] DOMDocument::loadHTML(): input conversion failed due to input error, bytes 0x8C 0xC5 0xCB 0xBF F:\wamp\www\Github\ThinkPHP\Library\QL\phpQuery.php 第 328 行.
NOTIC: [2] DOMDocument::loadHTML(): htmlCheckEncoding: encoder error in Entity, line: 1 F:\wamp\www\Github\ThinkPHP\Library\QL\phpQuery.php 第 328 行.
NOTIC: [8] DOMDocument::loadHTML(): Namespace prefix o is not defined in Entity, line: 2 F:\wamp\www\Github\ThinkPHP\Library\QL\phpQuery.php 第 328 行.
NOTIC: [2] DOMDocument::loadHTML(): Tag o:p invalid in Entity, line: 2 F:\wamp\www\Github\ThinkPHP\Library\QL\phpQuery.php 第 328 行.
NOTIC: [2] DOMDocument::loadHTML(): input conversion failed due to input error, bytes 0x8C 0xC5 0xCB 0xBF F:\wamp\www\Github\ThinkPHP\Library\QL\phpQuery.php 第 328 行.
NOTIC: [2] DOMDocument::loadHTML(): encoder errorAttValue: &quot; expected in Entity, line: 2 F:\wamp\www\Github\ThinkPHP\Library\QL\phpQuery.php 第 328 行.
NOTIC: [2] DOMDocument::loadHTML(): Couldn't find end of Start Tag a in Entity, line: 2 F:\wamp\www\Github\ThinkPHP\Library\QL\phpQuery.php 第 328 行.
NOTIC: [2] DOMDocument::loadHTML(): input conversion failed due to input error, bytes 0x8C 0xC5 0xCB 0xBF F:\wamp\www\Github\ThinkPHP\Library\QL\phpQuery.php 第 328 行.
NOTIC: [2] DOMDocument::loadHTML(): input conversion failed due to input error, bytes 0x8C 0xC5 0xCB 0xBF F:\wamp\www\Github\ThinkPHP\Library\QL\phpQuery.php 第 328 行.
NOTIC: [2] DOMDocument::loadHTML(): htmlCheckEncoding: encoder error in Entity, line: 1 F:\wamp\www\Github\ThinkPHP\Library\QL\phpQuery.php 第 328 行.
NOTIC: [8] DOMDocument::loadHTML(): Namespace prefix o is not defined in Entity, line: 2 F:\wamp\www\Github\ThinkPHP\Library\QL\phpQuery.php 第 328 行.
NOTIC: [2] DOMDocument::loadHTML(): Tag o:p invalid in Entity, line: 2 F:\wamp\www\Github\ThinkPHP\Library\QL\phpQuery.php 第 328 行.
NOTIC: [2] DOMDocument::loadHTML(): input conversion failed due to input error, bytes 0x8C 0xC5 0xCB 0xBF F:\wamp\www\Github\ThinkPHP\Library\QL\phpQuery.php 第 328 行.
NOTIC: [2] DOMDocument::loadHTML(): encoder errorAttValue: &quot; expected in Entity, line: 2 F:\wamp\www\Github\ThinkPHP\Library\QL\phpQuery.php 第 328 行.
NOTIC: [2] DOMDocument::loadHTML(): Couldn't find end of Start Tag a in Entity, line: 2 F:\wamp\www\Github\ThinkPHP\Library\QL\phpQuery.php 第 328 行.
INFO: [ app_end ] --START--
INFO: Run Behavior\ShowPageTraceBehavior [ RunTime:0.000941s ]
INFO: [ app_end ] --END-- [ RunTime:0.001194s ]

[ 2018-05-24T14:31:57+08:00 ] ::1 /Github/Xiaoshuo/index.php?m=Home&c=Curl&a=index
INFO: [ app_init ] --START--
INFO: Run Behavior\BuildLiteBehavior [ RunTime:0.000054s ]
INFO: [ app_init ] --END-- [ RunTime:0.000837s ]
INFO: [ app_begin ] --START--
INFO: Run Behavior\ReadHtmlCacheBehavior [ RunTime:0.000934s ]
INFO: [ app_begin ] --END-- [ RunTime:0.001215s ]
INFO: [ app_end ] --START--
INFO: Run Behavior\ShowPageTraceBehavior [ RunTime:0.001368s ]
INFO: [ app_end ] --END-- [ RunTime:0.001548s ]

[ 2018-05-24T14:45:25+08:00 ] ::1 /Github/Xiaoshuo/index.php?m=Home&c=Curl&a=index
INFO: [ app_init ] --START--
INFO: Run Behavior\BuildLiteBehavior [ RunTime:0.000050s ]
INFO: [ app_init ] --END-- [ RunTime:0.000699s ]
INFO: [ app_begin ] --START--
INFO: Run Behavior\ReadHtmlCacheBehavior [ RunTime:0.000782s ]
INFO: [ app_begin ] --END-- [ RunTime:0.000991s ]
INFO: [ app_end ] --START--
INFO: Run Behavior\ShowPageTraceBehavior [ RunTime:0.001272s ]
INFO: [ app_end ] --END-- [ RunTime:0.001627s ]

[ 2018-05-24T14:45:36+08:00 ] ::1 /Github/Xiaoshuo/index.php?m=Home&c=Curl&a=index
INFO: [ app_init ] --START--
INFO: Run Behavior\BuildLiteBehavior [ RunTime:0.000032s ]
INFO: [ app_init ] --END-- [ RunTime:0.000547s ]
INFO: [ app_begin ] --START--
INFO: Run Behavior\ReadHtmlCacheBehavior [ RunTime:0.000541s ]
INFO: [ app_begin ] --END-- [ RunTime:0.000717s ]
INFO: [ app_end ] --START--
INFO: Run Behavior\ShowPageTraceBehavior [ RunTime:0.000751s ]
INFO: [ app_end ] --END-- [ RunTime:0.000983s ]

[ 2018-05-24T14:47:12+08:00 ] ::1 /Github/Xiaoshuo/index.php?m=Home&c=Curl&a=index
INFO: [ app_init ] --START--
INFO: Run Behavior\BuildLiteBehavior [ RunTime:0.000054s ]
INFO: [ app_init ] --END-- [ RunTime:0.000863s ]
INFO: [ app_begin ] --START--
INFO: Run Behavior\ReadHtmlCacheBehavior [ RunTime:0.000827s ]
INFO: [ app_begin ] --END-- [ RunTime:0.001097s ]
INFO: [ app_end ] --START--
INFO: Run Behavior\ShowPageTraceBehavior [ RunTime:0.000874s ]
INFO: [ app_end ] --END-- [ RunTime:0.001156s ]

[ 2018-05-24T14:50:02+08:00 ] ::1 /Github/Xiaoshuo/index.php?m=Home&c=Curl&a=index
INFO: [ app_init ] --START--
INFO: Run Behavior\BuildLiteBehavior [ RunTime:0.000030s ]
INFO: [ app_init ] --END-- [ RunTime:0.000617s ]
INFO: [ app_begin ] --START--
INFO: Run Behavior\ReadHtmlCacheBehavior [ RunTime:0.000649s ]
INFO: [ app_begin ] --END-- [ RunTime:0.000799s ]
INFO: [ app_end ] --START--
INFO: Run Behavior\ShowPageTraceBehavior [ RunTime:0.000869s ]
INFO: [ app_end ] --END-- [ RunTime:0.001058s ]

[ 2018-05-24T14:57:17+08:00 ] ::1 /Github/Xiaoshuo/index.php?m=Home&c=Index&a=index
INFO: [ app_init ] --START--
INFO: Run Behavior\BuildLiteBehavior [ RunTime:0.000043s ]
INFO: [ app_init ] --END-- [ RunTime:0.000853s ]
INFO: [ app_begin ] --START--
INFO: Run Behavior\ReadHtmlCacheBehavior [ RunTime:0.001328s ]
INFO: [ app_begin ] --END-- [ RunTime:0.001599s ]
INFO: [ view_parse ] --START--
INFO: [ template_filter ] --START--
INFO: Run Behavior\ContentReplaceBehavior [ RunTime:0.000093s ]
INFO: [ template_filter ] --END-- [ RunTime:0.000281s ]
INFO: Run Behavior\ParseTemplateBehavior [ RunTime:0.039792s ]
INFO: [ view_parse ] --END-- [ RunTime:0.040038s ]
INFO: [ view_filter ] --START--
INFO: Run Behavior\WriteHtmlCacheBehavior [ RunTime:0.000470s ]
INFO: [ view_filter ] --END-- [ RunTime:0.000662s ]
INFO: [ app_end ] --START--
INFO: Run Behavior\ShowPageTraceBehavior [ RunTime:0.000891s ]
INFO: [ app_end ] --END-- [ RunTime:0.001068s ]

