[ 2018-05-15T17:40:01+08:00 ] ::1 /Github/Xiaoshuo/index.php?m=Home&c=Curl&a=index
INFO: [ app_init ] --START--
INFO: Run Behavior\BuildLiteBehavior [ RunTime:0.000047s ]
INFO: [ app_init ] --END-- [ RunTime:0.000733s ]
INFO: [ app_begin ] --START--
INFO: Run Behavior\ReadHtmlCacheBehavior [ RunTime:0.000547s ]
INFO: [ app_begin ] --END-- [ RunTime:0.000710s ]
NOTIC: [8] Use of undefined constant i - assumed 'i' F:\wamp\www\Github\Xiaoshuo\Home\Controller\CurlController.class.php 第 44 行.
NOTIC: [8] Use of undefined constant i - assumed 'i' F:\wamp\www\Github\Xiaoshuo\Home\Controller\CurlController.class.php 第 44 行.
NOTIC: [8] Use of undefined constant i - assumed 'i' F:\wamp\www\Github\Xiaoshuo\Home\Controller\CurlController.class.php 第 44 行.
NOTIC: [8] Use of undefined constant i - assumed 'i' F:\wamp\www\Github\Xiaoshuo\Home\Controller\CurlController.class.php 第 44 行.
NOTIC: [8] Use of undefined constant i - assumed 'i' F:\wamp\www\Github\Xiaoshuo\Home\Controller\CurlController.class.php 第 44 行.
NOTIC: [8] Use of undefined constant i - assumed 'i' F:\wamp\www\Github\Xiaoshuo\Home\Controller\CurlController.class.php 第 44 行.
NOTIC: [8] Use of undefined constant i - assumed 'i' F:\wamp\www\Github\Xiaoshuo\Home\Controller\CurlController.class.php 第 44 行.
NOTIC: [8] Use of undefined constant i - assumed 'i' F:\wamp\www\Github\Xiaoshuo\Home\Controller\CurlController.class.php 第 44 行.
NOTIC: [8] Use of undefined constant i - assumed 'i' F:\wamp\www\Github\Xiaoshuo\Home\Controller\CurlController.class.php 第 44 行.
NOTIC: [8] Use of undefined constant i - assumed 'i' F:\wamp\www\Github\Xiaoshuo\Home\Controller\CurlController.class.php 第 44 行.
NOTIC: [8] Use of undefined constant i - assumed 'i' F:\wamp\www\Github\Xiaoshuo\Home\Controller\CurlController.class.php 第 44 行.
NOTIC: [8] Use of undefined constant i - assumed 'i' F:\wamp\www\Github\Xiaoshuo\Home\Controller\CurlController.class.php 第 44 行.
NOTIC: [8] Use of undefined constant i - assumed 'i' F:\wamp\www\Github\Xiaoshuo\Home\Controller\CurlController.class.php 第 44 行.
NOTIC: [8] Use of undefined constant i - assumed 'i' F:\wamp\www\Github\Xiaoshuo\Home\Controller\CurlController.class.php 第 44 行.
NOTIC: [8] Use of undefined constant i - assumed 'i' F:\wamp\www\Github\Xiaoshuo\Home\Controller\CurlController.class.php 第 44 行.
NOTIC: [8] Use of undefined constant i - assumed 'i' F:\wamp\www\Github\Xiaoshuo\Home\Controller\CurlController.class.php 第 44 行.
NOTIC: [8] Use of undefined constant i - assumed 'i' F:\wamp\www\Github\Xiaoshuo\Home\Controller\CurlController.class.php 第 44 行.
NOTIC: [8] Use of undefined constant i - assumed 'i' F:\wamp\www\Github\Xiaoshuo\Home\Controller\CurlController.class.php 第 44 行.
NOTIC: [8] Use of undefined constant i - assumed 'i' F:\wamp\www\Github\Xiaoshuo\Home\Controller\CurlController.class.php 第 44 行.
NOTIC: [8] Use of undefined constant i - assumed 'i' F:\wamp\www\Github\Xiaoshuo\Home\Controller\CurlController.class.php 第 44 行.

[ 2018-05-15T17:40:15+08:00 ] ::1 /Github/Xiaoshuo/index.php?m=Home&c=Curl&a=index
INFO: [ app_init ] --START--
INFO: Run Behavior\BuildLiteBehavior [ RunTime:0.000035s ]
INFO: [ app_init ] --END-- [ RunTime:0.000825s ]
INFO: [ app_begin ] --START--
INFO: Run Behavior\ReadHtmlCacheBehavior [ RunTime:0.001518s ]
INFO: [ app_begin ] --END-- [ RunTime:0.001794s ]
NOTIC: [8] Use of undefined constant i - assumed 'i' F:\wamp\www\Github\Xiaoshuo\Home\Controller\CurlController.class.php 第 44 行.
NOTIC: [8] Use of undefined constant i - assumed 'i' F:\wamp\www\Github\Xiaoshuo\Home\Controller\CurlController.class.php 第 44 行.
NOTIC: [8] Use of undefined constant i - assumed 'i' F:\wamp\www\Github\Xiaoshuo\Home\Controller\CurlController.class.php 第 44 行.
NOTIC: [8] Use of undefined constant i - assumed 'i' F:\wamp\www\Github\Xiaoshuo\Home\Controller\CurlController.class.php 第 44 行.
NOTIC: [8] Use of undefined constant i - assumed 'i' F:\wamp\www\Github\Xiaoshuo\Home\Controller\CurlController.class.php 第 44 行.
NOTIC: [8] Use of undefined constant i - assumed 'i' F:\wamp\www\Github\Xiaoshuo\Home\Controller\CurlController.class.php 第 44 行.
NOTIC: [8] Use of undefined constant i - assumed 'i' F:\wamp\www\Github\Xiaoshuo\Home\Controller\CurlController.class.php 第 44 行.
NOTIC: [8] Use of undefined constant i - assumed 'i' F:\wamp\www\Github\Xiaoshuo\Home\Controller\CurlController.class.php 第 44 行.
NOTIC: [8] Use of undefined constant i - assumed 'i' F:\wamp\www\Github\Xiaoshuo\Home\Controller\CurlController.class.php 第 44 行.
NOTIC: [8] Use of undefined constant i - assumed 'i' F:\wamp\www\Github\Xiaoshuo\Home\Controller\CurlController.class.php 第 44 行.
NOTIC: [8] Use of undefined constant i - assumed 'i' F:\wamp\www\Github\Xiaoshuo\Home\Controller\CurlController.class.php 第 44 行.
NOTIC: [8] Use of undefined constant i - assumed 'i' F:\wamp\www\Github\Xiaoshuo\Home\Controller\CurlController.class.php 第 44 行.
NOTIC: [8] Use of undefined constant i - assumed 'i' F:\wamp\www\Github\Xiaoshuo\Home\Controller\CurlController.class.php 第 44 行.
NOTIC: [8] Use of undefined constant i - assumed 'i' F:\wamp\www\Github\Xiaoshuo\Home\Controller\CurlController.class.php 第 44 行.
NOTIC: [8] Use of undefined constant i - assumed 'i' F:\wamp\www\Github\Xiaoshuo\Home\Controller\CurlController.class.php 第 44 行.
NOTIC: [8] Use of undefined constant i - assumed 'i' F:\wamp\www\Github\Xiaoshuo\Home\Controller\CurlController.class.php 第 44 行.
NOTIC: [8] Use of undefined constant i - assumed 'i' F:\wamp\www\Github\Xiaoshuo\Home\Controller\CurlController.class.php 第 44 行.
NOTIC: [8] Use of undefined constant i - assumed 'i' F:\wamp\www\Github\Xiaoshuo\Home\Controller\CurlController.class.php 第 44 行.
NOTIC: [8] Use of undefined constant i - assumed 'i' F:\wamp\www\Github\Xiaoshuo\Home\Controller\CurlController.class.php 第 44 行.
NOTIC: [8] Use of undefined constant i - assumed 'i' F:\wamp\www\Github\Xiaoshuo\Home\Controller\CurlController.class.php 第 44 行.

[ 2018-05-15T17:40:36+08:00 ] ::1 /Github/Xiaoshuo/index.php?m=Home&c=Curl&a=index
INFO: [ app_init ] --START--
INFO: Run Behavior\BuildLiteBehavior [ RunTime:0.000057s ]
INFO: [ app_init ] --END-- [ RunTime:0.000973s ]
INFO: [ app_begin ] --START--
INFO: Run Behavior\ReadHtmlCacheBehavior [ RunTime:0.001154s ]
INFO: [ app_begin ] --END-- [ RunTime:0.001423s ]
NOTIC: [8] Use of undefined constant i - assumed 'i' F:\wamp\www\Github\Xiaoshuo\Home\Controller\CurlController.class.php 第 44 行.
NOTIC: [8] Use of undefined constant i - assumed 'i' F:\wamp\www\Github\Xiaoshuo\Home\Controller\CurlController.class.php 第 44 行.
NOTIC: [8] Use of undefined constant i - assumed 'i' F:\wamp\www\Github\Xiaoshuo\Home\Controller\CurlController.class.php 第 44 行.
NOTIC: [8] Use of undefined constant i - assumed 'i' F:\wamp\www\Github\Xiaoshuo\Home\Controller\CurlController.class.php 第 44 行.
NOTIC: [8] Use of undefined constant i - assumed 'i' F:\wamp\www\Github\Xiaoshuo\Home\Controller\CurlController.class.php 第 44 行.
NOTIC: [8] Use of undefined constant i - assumed 'i' F:\wamp\www\Github\Xiaoshuo\Home\Controller\CurlController.class.php 第 44 行.
NOTIC: [8] Use of undefined constant i - assumed 'i' F:\wamp\www\Github\Xiaoshuo\Home\Controller\CurlController.class.php 第 44 行.
NOTIC: [8] Use of undefined constant i - assumed 'i' F:\wamp\www\Github\Xiaoshuo\Home\Controller\CurlController.class.php 第 44 行.
NOTIC: [8] Use of undefined constant i - assumed 'i' F:\wamp\www\Github\Xiaoshuo\Home\Controller\CurlController.class.php 第 44 行.
NOTIC: [8] Use of undefined constant i - assumed 'i' F:\wamp\www\Github\Xiaoshuo\Home\Controller\CurlController.class.php 第 44 行.
NOTIC: [8] Use of undefined constant i - assumed 'i' F:\wamp\www\Github\Xiaoshuo\Home\Controller\CurlController.class.php 第 44 行.
NOTIC: [8] Use of undefined constant i - assumed 'i' F:\wamp\www\Github\Xiaoshuo\Home\Controller\CurlController.class.php 第 44 行.
NOTIC: [8] Use of undefined constant i - assumed 'i' F:\wamp\www\Github\Xiaoshuo\Home\Controller\CurlController.class.php 第 44 行.
NOTIC: [8] Use of undefined constant i - assumed 'i' F:\wamp\www\Github\Xiaoshuo\Home\Controller\CurlController.class.php 第 44 行.
NOTIC: [8] Use of undefined constant i - assumed 'i' F:\wamp\www\Github\Xiaoshuo\Home\Controller\CurlController.class.php 第 44 行.
NOTIC: [8] Use of undefined constant i - assumed 'i' F:\wamp\www\Github\Xiaoshuo\Home\Controller\CurlController.class.php 第 44 行.
NOTIC: [8] Use of undefined constant i - assumed 'i' F:\wamp\www\Github\Xiaoshuo\Home\Controller\CurlController.class.php 第 44 行.
NOTIC: [8] Use of undefined constant i - assumed 'i' F:\wamp\www\Github\Xiaoshuo\Home\Controller\CurlController.class.php 第 44 行.
NOTIC: [8] Use of undefined constant i - assumed 'i' F:\wamp\www\Github\Xiaoshuo\Home\Controller\CurlController.class.php 第 44 行.
NOTIC: [8] Use of undefined constant i - assumed 'i' F:\wamp\www\Github\Xiaoshuo\Home\Controller\CurlController.class.php 第 44 行.

[ 2018-05-15T17:40:52+08:00 ] ::1 /Github/Xiaoshuo/index.php?m=Home&c=Curl&a=index
INFO: [ app_init ] --START--
INFO: Run Behavior\BuildLiteBehavior [ RunTime:0.000061s ]
INFO: [ app_init ] --END-- [ RunTime:0.001228s ]
INFO: [ app_begin ] --START--
INFO: Run Behavior\ReadHtmlCacheBehavior [ RunTime:0.005352s ]
INFO: [ app_begin ] --END-- [ RunTime:0.005772s ]
NOTIC: [8] Use of undefined constant i - assumed 'i' F:\wamp\www\Github\Xiaoshuo\Home\Controller\CurlController.class.php 第 44 行.
NOTIC: [8] Use of undefined constant i - assumed 'i' F:\wamp\www\Github\Xiaoshuo\Home\Controller\CurlController.class.php 第 44 行.
NOTIC: [8] Use of undefined constant i - assumed 'i' F:\wamp\www\Github\Xiaoshuo\Home\Controller\CurlController.class.php 第 44 行.
NOTIC: [8] Use of undefined constant i - assumed 'i' F:\wamp\www\Github\Xiaoshuo\Home\Controller\CurlController.class.php 第 44 行.
NOTIC: [8] Use of undefined constant i - assumed 'i' F:\wamp\www\Github\Xiaoshuo\Home\Controller\CurlController.class.php 第 44 行.
NOTIC: [8] Use of undefined constant i - assumed 'i' F:\wamp\www\Github\Xiaoshuo\Home\Controller\CurlController.class.php 第 44 行.
NOTIC: [8] Use of undefined constant i - assumed 'i' F:\wamp\www\Github\Xiaoshuo\Home\Controller\CurlController.class.php 第 44 行.
NOTIC: [8] Use of undefined constant i - assumed 'i' F:\wamp\www\Github\Xiaoshuo\Home\Controller\CurlController.class.php 第 44 行.
NOTIC: [8] Use of undefined constant i - assumed 'i' F:\wamp\www\Github\Xiaoshuo\Home\Controller\CurlController.class.php 第 44 行.
NOTIC: [8] Use of undefined constant i - assumed 'i' F:\wamp\www\Github\Xiaoshuo\Home\Controller\CurlController.class.php 第 44 行.
NOTIC: [8] Use of undefined constant i - assumed 'i' F:\wamp\www\Github\Xiaoshuo\Home\Controller\CurlController.class.php 第 44 行.
NOTIC: [8] Use of undefined constant i - assumed 'i' F:\wamp\www\Github\Xiaoshuo\Home\Controller\CurlController.class.php 第 44 行.
NOTIC: [8] Use of undefined constant i - assumed 'i' F:\wamp\www\Github\Xiaoshuo\Home\Controller\CurlController.class.php 第 44 行.
NOTIC: [8] Use of undefined constant i - assumed 'i' F:\wamp\www\Github\Xiaoshuo\Home\Controller\CurlController.class.php 第 44 行.
NOTIC: [8] Use of undefined constant i - assumed 'i' F:\wamp\www\Github\Xiaoshuo\Home\Controller\CurlController.class.php 第 44 行.
NOTIC: [8] Use of undefined constant i - assumed 'i' F:\wamp\www\Github\Xiaoshuo\Home\Controller\CurlController.class.php 第 44 行.
NOTIC: [8] Use of undefined constant i - assumed 'i' F:\wamp\www\Github\Xiaoshuo\Home\Controller\CurlController.class.php 第 44 行.
NOTIC: [8] Use of undefined constant i - assumed 'i' F:\wamp\www\Github\Xiaoshuo\Home\Controller\CurlController.class.php 第 44 行.
NOTIC: [8] Use of undefined constant i - assumed 'i' F:\wamp\www\Github\Xiaoshuo\Home\Controller\CurlController.class.php 第 44 行.
NOTIC: [8] Use of undefined constant i - assumed 'i' F:\wamp\www\Github\Xiaoshuo\Home\Controller\CurlController.class.php 第 44 行.

[ 2018-05-15T17:41:06+08:00 ] ::1 /Github/Xiaoshuo/index.php?m=Home&c=Curl&a=index
INFO: [ app_init ] --START--
INFO: Run Behavior\BuildLiteBehavior [ RunTime:0.000046s ]
INFO: [ app_init ] --END-- [ RunTime:0.000789s ]
INFO: [ app_begin ] --START--
INFO: Run Behavior\ReadHtmlCacheBehavior [ RunTime:0.000997s ]
INFO: [ app_begin ] --END-- [ RunTime:0.001255s ]
NOTIC: [8] Use of undefined constant i - assumed 'i' F:\wamp\www\Github\Xiaoshuo\Home\Controller\CurlController.class.php 第 44 行.
NOTIC: [8] Use of undefined constant i - assumed 'i' F:\wamp\www\Github\Xiaoshuo\Home\Controller\CurlController.class.php 第 44 行.
NOTIC: [8] Use of undefined constant i - assumed 'i' F:\wamp\www\Github\Xiaoshuo\Home\Controller\CurlController.class.php 第 44 行.
NOTIC: [8] Use of undefined constant i - assumed 'i' F:\wamp\www\Github\Xiaoshuo\Home\Controller\CurlController.class.php 第 44 行.
NOTIC: [8] Use of undefined constant i - assumed 'i' F:\wamp\www\Github\Xiaoshuo\Home\Controller\CurlController.class.php 第 44 行.
NOTIC: [8] Use of undefined constant i - assumed 'i' F:\wamp\www\Github\Xiaoshuo\Home\Controller\CurlController.class.php 第 44 行.
NOTIC: [8] Use of undefined constant i - assumed 'i' F:\wamp\www\Github\Xiaoshuo\Home\Controller\CurlController.class.php 第 44 行.
NOTIC: [8] Use of undefined constant i - assumed 'i' F:\wamp\www\Github\Xiaoshuo\Home\Controller\CurlController.class.php 第 44 行.
NOTIC: [8] Use of undefined constant i - assumed 'i' F:\wamp\www\Github\Xiaoshuo\Home\Controller\CurlController.class.php 第 44 行.
NOTIC: [8] Use of undefined constant i - assumed 'i' F:\wamp\www\Github\Xiaoshuo\Home\Controller\CurlController.class.php 第 44 行.
NOTIC: [8] Use of undefined constant i - assumed 'i' F:\wamp\www\Github\Xiaoshuo\Home\Controller\CurlController.class.php 第 44 行.
NOTIC: [8] Use of undefined constant i - assumed 'i' F:\wamp\www\Github\Xiaoshuo\Home\Controller\CurlController.class.php 第 44 行.
NOTIC: [8] Use of undefined constant i - assumed 'i' F:\wamp\www\Github\Xiaoshuo\Home\Controller\CurlController.class.php 第 44 行.
NOTIC: [8] Use of undefined constant i - assumed 'i' F:\wamp\www\Github\Xiaoshuo\Home\Controller\CurlController.class.php 第 44 行.
NOTIC: [8] Use of undefined constant i - assumed 'i' F:\wamp\www\Github\Xiaoshuo\Home\Controller\CurlController.class.php 第 44 行.
NOTIC: [8] Use of undefined constant i - assumed 'i' F:\wamp\www\Github\Xiaoshuo\Home\Controller\CurlController.class.php 第 44 行.
NOTIC: [8] Use of undefined constant i - assumed 'i' F:\wamp\www\Github\Xiaoshuo\Home\Controller\CurlController.class.php 第 44 行.
NOTIC: [8] Use of undefined constant i - assumed 'i' F:\wamp\www\Github\Xiaoshuo\Home\Controller\CurlController.class.php 第 44 行.
NOTIC: [8] Use of undefined constant i - assumed 'i' F:\wamp\www\Github\Xiaoshuo\Home\Controller\CurlController.class.php 第 44 行.
NOTIC: [8] Use of undefined constant i - assumed 'i' F:\wamp\www\Github\Xiaoshuo\Home\Controller\CurlController.class.php 第 44 行.

[ 2018-05-15T17:41:15+08:00 ] ::1 /Github/Xiaoshuo/index.php?m=Home&c=Curl&a=index
INFO: [ app_init ] --START--
INFO: Run Behavior\BuildLiteBehavior [ RunTime:0.000051s ]
INFO: [ app_init ] --END-- [ RunTime:0.000741s ]
INFO: [ app_begin ] --START--
INFO: Run Behavior\ReadHtmlCacheBehavior [ RunTime:0.002290s ]
INFO: [ app_begin ] --END-- [ RunTime:0.002755s ]
INFO: [ app_end ] --START--
INFO: Run Behavior\ShowPageTraceBehavior [ RunTime:0.000824s ]
INFO: [ app_end ] --END-- [ RunTime:0.001016s ]

[ 2018-05-15T17:41:19+08:00 ] ::1 /Github/Xiaoshuo/index.php?m=Home&c=Curl&a=index
INFO: [ app_init ] --START--
INFO: Run Behavior\BuildLiteBehavior [ RunTime:0.000059s ]
INFO: [ app_init ] --END-- [ RunTime:0.000772s ]
INFO: [ app_begin ] --START--
INFO: Run Behavior\ReadHtmlCacheBehavior [ RunTime:0.000984s ]
INFO: [ app_begin ] --END-- [ RunTime:0.001273s ]
INFO: [ app_end ] --START--
INFO: Run Behavior\ShowPageTraceBehavior [ RunTime:0.000806s ]
INFO: [ app_end ] --END-- [ RunTime:0.001014s ]

[ 2018-05-15T17:41:23+08:00 ] ::1 /Github/Xiaoshuo/index.php?m=Home&c=Curl&a=index
INFO: [ app_init ] --START--
INFO: Run Behavior\BuildLiteBehavior [ RunTime:0.000031s ]
INFO: [ app_init ] --END-- [ RunTime:0.000531s ]
INFO: [ app_begin ] --START--
INFO: Run Behavior\ReadHtmlCacheBehavior [ RunTime:0.000555s ]
INFO: [ app_begin ] --END-- [ RunTime:0.000710s ]
INFO: [ app_end ] --START--
INFO: Run Behavior\ShowPageTraceBehavior [ RunTime:0.001190s ]
INFO: [ app_end ] --END-- [ RunTime:0.001471s ]

[ 2018-05-15T17:45:34+08:00 ] ::1 /Github/Xiaoshuo/index.php?m=Home&c=Curl&a=index
INFO: [ app_init ] --START--
INFO: Run Behavior\BuildLiteBehavior [ RunTime:0.000053s ]
INFO: [ app_init ] --END-- [ RunTime:0.000907s ]
INFO: [ app_begin ] --START--
INFO: Run Behavior\ReadHtmlCacheBehavior [ RunTime:0.000680s ]
INFO: [ app_begin ] --END-- [ RunTime:0.000820s ]
INFO: [ app_end ] --START--
INFO: Run Behavior\ShowPageTraceBehavior [ RunTime:0.001863s ]
INFO: [ app_end ] --END-- [ RunTime:0.002277s ]

[ 2018-05-15T17:46:06+08:00 ] ::1 /Github/Xiaoshuo/index.php?m=Home&c=Curl&a=index
INFO: [ app_init ] --START--
INFO: Run Behavior\BuildLiteBehavior [ RunTime:0.000033s ]
INFO: [ app_init ] --END-- [ RunTime:0.000737s ]
INFO: [ app_begin ] --START--
INFO: Run Behavior\ReadHtmlCacheBehavior [ RunTime:0.000743s ]
INFO: [ app_begin ] --END-- [ RunTime:0.000953s ]
INFO: [ app_end ] --START--
INFO: Run Behavior\ShowPageTraceBehavior [ RunTime:0.001089s ]
INFO: [ app_end ] --END-- [ RunTime:0.001343s ]

[ 2018-05-15T17:46:53+08:00 ] ::1 /Github/Xiaoshuo/index.php?m=Home&c=Curl&a=index
INFO: [ app_init ] --START--
INFO: Run Behavior\BuildLiteBehavior [ RunTime:0.000036s ]
INFO: [ app_init ] --END-- [ RunTime:0.000697s ]
INFO: [ app_begin ] --START--
INFO: Run Behavior\ReadHtmlCacheBehavior [ RunTime:0.000854s ]
INFO: [ app_begin ] --END-- [ RunTime:0.001037s ]
INFO: [ app_end ] --START--
INFO: Run Behavior\ShowPageTraceBehavior [ RunTime:0.000973s ]
INFO: [ app_end ] --END-- [ RunTime:0.001229s ]

[ 2018-05-15T17:47:39+08:00 ] ::1 /Github/Xiaoshuo/index.php?m=Home&c=Curl&a=index
INFO: [ app_init ] --START--
INFO: Run Behavior\BuildLiteBehavior [ RunTime:0.000053s ]
INFO: [ app_init ] --END-- [ RunTime:0.000711s ]
INFO: [ app_begin ] --START--
INFO: Run Behavior\ReadHtmlCacheBehavior [ RunTime:0.000784s ]
INFO: [ app_begin ] --END-- [ RunTime:0.001042s ]
INFO: [ app_end ] --START--
INFO: Run Behavior\ShowPageTraceBehavior [ RunTime:0.001388s ]
INFO: [ app_end ] --END-- [ RunTime:0.001629s ]

[ 2018-05-15T17:48:46+08:00 ] ::1 /Github/Xiaoshuo/index.php?m=Home&c=Curl&a=index
INFO: [ app_init ] --START--
INFO: Run Behavior\BuildLiteBehavior [ RunTime:0.000046s ]
INFO: [ app_init ] --END-- [ RunTime:0.000829s ]
INFO: [ app_begin ] --START--
INFO: Run Behavior\ReadHtmlCacheBehavior [ RunTime:0.000719s ]
INFO: [ app_begin ] --END-- [ RunTime:0.000885s ]
INFO: [ app_end ] --START--
INFO: Run Behavior\ShowPageTraceBehavior [ RunTime:0.001066s ]
INFO: [ app_end ] --END-- [ RunTime:0.001289s ]

[ 2018-05-15T17:50:45+08:00 ] ::1 /Github/Xiaoshuo/index.php?m=Home&c=Curl&a=index
INFO: [ app_init ] --START--
INFO: Run Behavior\BuildLiteBehavior [ RunTime:0.000054s ]
INFO: [ app_init ] --END-- [ RunTime:0.000834s ]
INFO: [ app_begin ] --START--
INFO: Run Behavior\ReadHtmlCacheBehavior [ RunTime:0.001238s ]
INFO: [ app_begin ] --END-- [ RunTime:0.001531s ]
INFO: [ app_end ] --START--
INFO: Run Behavior\ShowPageTraceBehavior [ RunTime:0.002288s ]
INFO: [ app_end ] --END-- [ RunTime:0.003050s ]

[ 2018-05-15T17:56:21+08:00 ] ::1 /Github/Xiaoshuo/index.php?m=Home&c=Curl&a=index
INFO: [ app_init ] --START--
INFO: Run Behavior\BuildLiteBehavior [ RunTime:0.000029s ]
INFO: [ app_init ] --END-- [ RunTime:0.000555s ]
INFO: [ app_begin ] --START--
INFO: Run Behavior\ReadHtmlCacheBehavior [ RunTime:0.000624s ]
INFO: [ app_begin ] --END-- [ RunTime:0.000757s ]
NOTIC: [2] preg_match_all() expects parameter 2 to be string, array given F:\wamp\www\Github\Xiaoshuo\Home\Controller\CurlController.class.php 第 56 行.
NOTIC: [2] preg_match_all() expects parameter 2 to be string, array given F:\wamp\www\Github\Xiaoshuo\Home\Controller\CurlController.class.php 第 56 行.
NOTIC: [2] preg_match_all() expects parameter 2 to be string, array given F:\wamp\www\Github\Xiaoshuo\Home\Controller\CurlController.class.php 第 56 行.
NOTIC: [2] preg_match_all() expects parameter 2 to be string, array given F:\wamp\www\Github\Xiaoshuo\Home\Controller\CurlController.class.php 第 56 行.
NOTIC: [2] preg_match_all() expects parameter 2 to be string, array given F:\wamp\www\Github\Xiaoshuo\Home\Controller\CurlController.class.php 第 56 行.
NOTIC: [2] preg_match_all() expects parameter 2 to be string, array given F:\wamp\www\Github\Xiaoshuo\Home\Controller\CurlController.class.php 第 56 行.
NOTIC: [2] preg_match_all() expects parameter 2 to be string, array given F:\wamp\www\Github\Xiaoshuo\Home\Controller\CurlController.class.php 第 56 行.
NOTIC: [2] preg_match_all() expects parameter 2 to be string, array given F:\wamp\www\Github\Xiaoshuo\Home\Controller\CurlController.class.php 第 56 行.
NOTIC: [2] preg_match_all() expects parameter 2 to be string, array given F:\wamp\www\Github\Xiaoshuo\Home\Controller\CurlController.class.php 第 56 行.
NOTIC: [2] preg_match_all() expects parameter 2 to be string, array given F:\wamp\www\Github\Xiaoshuo\Home\Controller\CurlController.class.php 第 56 行.
NOTIC: [2] preg_match_all() expects parameter 2 to be string, array given F:\wamp\www\Github\Xiaoshuo\Home\Controller\CurlController.class.php 第 56 行.
NOTIC: [2] preg_match_all() expects parameter 2 to be string, array given F:\wamp\www\Github\Xiaoshuo\Home\Controller\CurlController.class.php 第 56 行.
NOTIC: [2] preg_match_all() expects parameter 2 to be string, array given F:\wamp\www\Github\Xiaoshuo\Home\Controller\CurlController.class.php 第 56 行.
NOTIC: [2] preg_match_all() expects parameter 2 to be string, array given F:\wamp\www\Github\Xiaoshuo\Home\Controller\CurlController.class.php 第 56 行.
NOTIC: [2] preg_match_all() expects parameter 2 to be string, array given F:\wamp\www\Github\Xiaoshuo\Home\Controller\CurlController.class.php 第 56 行.
NOTIC: [2] preg_match_all() expects parameter 2 to be string, array given F:\wamp\www\Github\Xiaoshuo\Home\Controller\CurlController.class.php 第 56 行.
NOTIC: [2] preg_match_all() expects parameter 2 to be string, array given F:\wamp\www\Github\Xiaoshuo\Home\Controller\CurlController.class.php 第 56 行.
NOTIC: [2] preg_match_all() expects parameter 2 to be string, array given F:\wamp\www\Github\Xiaoshuo\Home\Controller\CurlController.class.php 第 56 行.
NOTIC: [2] preg_match_all() expects parameter 2 to be string, array given F:\wamp\www\Github\Xiaoshuo\Home\Controller\CurlController.class.php 第 56 行.
NOTIC: [2] preg_match_all() expects parameter 2 to be string, array given F:\wamp\www\Github\Xiaoshuo\Home\Controller\CurlController.class.php 第 56 行.
INFO: [ app_end ] --START--
INFO: Run Behavior\ShowPageTraceBehavior [ RunTime:0.003499s ]
INFO: [ app_end ] --END-- [ RunTime:0.004938s ]

[ 2018-05-15T17:57:05+08:00 ] ::1 /Github/Xiaoshuo/index.php?m=Home&c=Curl&a=index
INFO: [ app_init ] --START--
INFO: Run Behavior\BuildLiteBehavior [ RunTime:0.000053s ]
INFO: [ app_init ] --END-- [ RunTime:0.000811s ]
INFO: [ app_begin ] --START--
INFO: Run Behavior\ReadHtmlCacheBehavior [ RunTime:0.000650s ]
INFO: [ app_begin ] --END-- [ RunTime:0.000869s ]
NOTIC: [2] preg_match_all() expects parameter 2 to be string, array given F:\wamp\www\Github\Xiaoshuo\Home\Controller\CurlController.class.php 第 56 行.
NOTIC: [2] preg_match_all() expects parameter 2 to be string, array given F:\wamp\www\Github\Xiaoshuo\Home\Controller\CurlController.class.php 第 56 行.
NOTIC: [2] preg_match_all() expects parameter 2 to be string, array given F:\wamp\www\Github\Xiaoshuo\Home\Controller\CurlController.class.php 第 56 行.
INFO: [ app_end ] --START--
INFO: Run Behavior\ShowPageTraceBehavior [ RunTime:0.000998s ]
INFO: [ app_end ] --END-- [ RunTime:0.001258s ]

[ 2018-05-15T17:58:38+08:00 ] ::1 /Github/Xiaoshuo/index.php?m=Home&c=Curl&a=index
INFO: [ app_init ] --START--
INFO: Run Behavior\BuildLiteBehavior [ RunTime:0.000050s ]
INFO: [ app_init ] --END-- [ RunTime:0.000672s ]
INFO: [ app_begin ] --START--
INFO: Run Behavior\ReadHtmlCacheBehavior [ RunTime:0.000703s ]
INFO: [ app_begin ] --END-- [ RunTime:0.000846s ]
NOTIC: [2] preg_match_all() expects parameter 2 to be string, array given F:\wamp\www\Github\Xiaoshuo\Home\Controller\CurlController.class.php 第 56 行.
NOTIC: [2] preg_match_all() expects parameter 2 to be string, array given F:\wamp\www\Github\Xiaoshuo\Home\Controller\CurlController.class.php 第 56 行.
NOTIC: [2] preg_match_all() expects parameter 2 to be string, array given F:\wamp\www\Github\Xiaoshuo\Home\Controller\CurlController.class.php 第 56 行.
INFO: [ app_end ] --START--
INFO: Run Behavior\ShowPageTraceBehavior [ RunTime:0.002012s ]
INFO: [ app_end ] --END-- [ RunTime:0.002516s ]

[ 2018-05-15T18:00:34+08:00 ] ::1 /Github/Xiaoshuo/index.php?m=Home&c=Curl&a=index
INFO: [ app_init ] --START--
INFO: Run Behavior\BuildLiteBehavior [ RunTime:0.000049s ]
INFO: [ app_init ] --END-- [ RunTime:0.000767s ]
INFO: [ app_begin ] --START--
INFO: Run Behavior\ReadHtmlCacheBehavior [ RunTime:0.000896s ]
INFO: [ app_begin ] --END-- [ RunTime:0.001168s ]
NOTIC: [2] preg_match_all() expects parameter 2 to be string, array given F:\wamp\www\Github\Xiaoshuo\Home\Controller\CurlController.class.php 第 56 行.
NOTIC: [2] preg_match_all() expects parameter 2 to be string, array given F:\wamp\www\Github\Xiaoshuo\Home\Controller\CurlController.class.php 第 56 行.
NOTIC: [2] preg_match_all() expects parameter 2 to be string, array given F:\wamp\www\Github\Xiaoshuo\Home\Controller\CurlController.class.php 第 56 行.
INFO: [ app_end ] --START--
INFO: Run Behavior\ShowPageTraceBehavior [ RunTime:0.002293s ]
INFO: [ app_end ] --END-- [ RunTime:0.002676s ]

[ 2018-05-15T18:02:37+08:00 ] ::1 /Github/Xiaoshuo/index.php?m=Home&c=Curl&a=index
INFO: [ app_init ] --START--
INFO: Run Behavior\BuildLiteBehavior [ RunTime:0.000059s ]
INFO: [ app_init ] --END-- [ RunTime:0.001045s ]
INFO: [ app_begin ] --START--
INFO: Run Behavior\ReadHtmlCacheBehavior [ RunTime:0.001086s ]
INFO: [ app_begin ] --END-- [ RunTime:0.001278s ]
INFO: [ app_end ] --START--
INFO: Run Behavior\ShowPageTraceBehavior [ RunTime:0.003025s ]
INFO: [ app_end ] --END-- [ RunTime:0.003734s ]

[ 2018-05-15T18:03:14+08:00 ] ::1 /Github/Xiaoshuo/index.php?m=Home&c=Curl&a=index
INFO: [ app_init ] --START--
INFO: Run Behavior\BuildLiteBehavior [ RunTime:0.000032s ]
INFO: [ app_init ] --END-- [ RunTime:0.000578s ]
INFO: [ app_begin ] --START--
INFO: Run Behavior\ReadHtmlCacheBehavior [ RunTime:0.000986s ]
INFO: [ app_begin ] --END-- [ RunTime:0.001203s ]
INFO: [ app_end ] --START--
INFO: Run Behavior\ShowPageTraceBehavior [ RunTime:0.001159s ]
INFO: [ app_end ] --END-- [ RunTime:0.001428s ]

[ 2018-05-15T18:03:29+08:00 ] ::1 /Github/Xiaoshuo/index.php?m=Home&c=Curl&a=index
INFO: [ app_init ] --START--
INFO: Run Behavior\BuildLiteBehavior [ RunTime:0.000056s ]
INFO: [ app_init ] --END-- [ RunTime:0.000954s ]
INFO: [ app_begin ] --START--
INFO: Run Behavior\ReadHtmlCacheBehavior [ RunTime:0.000736s ]
INFO: [ app_begin ] --END-- [ RunTime:0.000948s ]
INFO: [ app_end ] --START--
INFO: Run Behavior\ShowPageTraceBehavior [ RunTime:0.000812s ]
INFO: [ app_end ] --END-- [ RunTime:0.000995s ]

[ 2018-05-15T18:03:32+08:00 ] ::1 /Github/Xiaoshuo/index.php?m=Home&c=Curl&a=index
INFO: [ app_init ] --START--
INFO: Run Behavior\BuildLiteBehavior [ RunTime:0.000028s ]
INFO: [ app_init ] --END-- [ RunTime:0.000591s ]
INFO: [ app_begin ] --START--
INFO: Run Behavior\ReadHtmlCacheBehavior [ RunTime:0.000532s ]
INFO: [ app_begin ] --END-- [ RunTime:0.000685s ]
INFO: [ app_end ] --START--
INFO: Run Behavior\ShowPageTraceBehavior [ RunTime:0.001082s ]
INFO: [ app_end ] --END-- [ RunTime:0.001366s ]

[ 2018-05-15T18:03:50+08:00 ] ::1 /Github/Xiaoshuo/index.php?m=Home&c=Curl&a=index
INFO: [ app_init ] --START--
INFO: Run Behavior\BuildLiteBehavior [ RunTime:0.000032s ]
INFO: [ app_init ] --END-- [ RunTime:0.000545s ]
INFO: [ app_begin ] --START--
INFO: Run Behavior\ReadHtmlCacheBehavior [ RunTime:0.002212s ]
INFO: [ app_begin ] --END-- [ RunTime:0.002528s ]
INFO: [ app_end ] --START--
INFO: Run Behavior\ShowPageTraceBehavior [ RunTime:0.001085s ]
INFO: [ app_end ] --END-- [ RunTime:0.001311s ]

[ 2018-05-15T18:04:31+08:00 ] ::1 /Github/Xiaoshuo/index.php?m=Home&c=Curl&a=index
INFO: [ app_init ] --START--
INFO: Run Behavior\BuildLiteBehavior [ RunTime:0.000029s ]
INFO: [ app_init ] --END-- [ RunTime:0.000481s ]
INFO: [ app_begin ] --START--
INFO: Run Behavior\ReadHtmlCacheBehavior [ RunTime:0.000494s ]
INFO: [ app_begin ] --END-- [ RunTime:0.000624s ]
INFO: [ app_end ] --START--
INFO: Run Behavior\ShowPageTraceBehavior [ RunTime:0.000997s ]
INFO: [ app_end ] --END-- [ RunTime:0.001259s ]

[ 2018-05-15T18:05:40+08:00 ] ::1 /Github/Xiaoshuo/index.php?m=Home&c=Curl&a=index
INFO: [ app_init ] --START--
INFO: Run Behavior\BuildLiteBehavior [ RunTime:0.000035s ]
INFO: [ app_init ] --END-- [ RunTime:0.000868s ]
INFO: [ app_begin ] --START--
INFO: Run Behavior\ReadHtmlCacheBehavior [ RunTime:0.000757s ]
INFO: [ app_begin ] --END-- [ RunTime:0.000950s ]
INFO: [ app_end ] --START--
INFO: Run Behavior\ShowPageTraceBehavior [ RunTime:0.003100s ]
INFO: [ app_end ] --END-- [ RunTime:0.003740s ]

[ 2018-05-15T18:06:00+08:00 ] ::1 /Github/Xiaoshuo/index.php?m=Home&c=Curl&a=index
INFO: [ app_init ] --START--
INFO: Run Behavior\BuildLiteBehavior [ RunTime:0.000052s ]
INFO: [ app_init ] --END-- [ RunTime:0.001292s ]
INFO: [ app_begin ] --START--
INFO: Run Behavior\ReadHtmlCacheBehavior [ RunTime:0.000790s ]
INFO: [ app_begin ] --END-- [ RunTime:0.000985s ]
INFO: [ app_end ] --START--
INFO: Run Behavior\ShowPageTraceBehavior [ RunTime:0.003094s ]
INFO: [ app_end ] --END-- [ RunTime:0.003763s ]

[ 2018-05-15T18:55:32+08:00 ] ::1 /Github/Xiaoshuo/index.php?m=Home&c=Curl&a=index
INFO: [ app_init ] --START--
INFO: Run Behavior\BuildLiteBehavior [ RunTime:0.000029s ]
INFO: [ app_init ] --END-- [ RunTime:0.000565s ]
INFO: [ app_begin ] --START--
INFO: Run Behavior\ReadHtmlCacheBehavior [ RunTime:0.000785s ]
INFO: [ app_begin ] --END-- [ RunTime:0.000927s ]
INFO: [ app_end ] --START--
INFO: Run Behavior\ShowPageTraceBehavior [ RunTime:0.001095s ]
INFO: [ app_end ] --END-- [ RunTime:0.001324s ]

[ 2018-05-15T18:56:08+08:00 ] ::1 /Github/Xiaoshuo/index.php?m=Home&c=Curl&a=index
INFO: [ app_init ] --START--
INFO: Run Behavior\BuildLiteBehavior [ RunTime:0.000045s ]
INFO: [ app_init ] --END-- [ RunTime:0.000799s ]
INFO: [ app_begin ] --START--
INFO: Run Behavior\ReadHtmlCacheBehavior [ RunTime:0.000746s ]
INFO: [ app_begin ] --END-- [ RunTime:0.000913s ]
INFO: [ app_end ] --START--
INFO: Run Behavior\ShowPageTraceBehavior [ RunTime:0.004004s ]
INFO: [ app_end ] --END-- [ RunTime:0.004725s ]

[ 2018-05-15T19:02:03+08:00 ] ::1 /Github/Xiaoshuo/index.php?m=Home&c=Curl&a=index
INFO: [ app_init ] --START--
INFO: Run Behavior\BuildLiteBehavior [ RunTime:0.000032s ]
INFO: [ app_init ] --END-- [ RunTime:0.000614s ]
INFO: [ app_begin ] --START--
INFO: Run Behavior\ReadHtmlCacheBehavior [ RunTime:0.001103s ]
INFO: [ app_begin ] --END-- [ RunTime:0.001359s ]
NOTIC: [2] explode() expects parameter 2 to be string, array given F:\wamp\www\Github\Xiaoshuo\Home\Controller\CurlController.class.php 第 58 行.
NOTIC: [2] explode() expects parameter 2 to be string, array given F:\wamp\www\Github\Xiaoshuo\Home\Controller\CurlController.class.php 第 58 行.
NOTIC: [2] explode() expects parameter 2 to be string, array given F:\wamp\www\Github\Xiaoshuo\Home\Controller\CurlController.class.php 第 58 行.
INFO: [ app_end ] --START--
INFO: Run Behavior\ShowPageTraceBehavior [ RunTime:0.001292s ]
INFO: [ app_end ] --END-- [ RunTime:0.001599s ]

[ 2018-05-15T19:02:29+08:00 ] ::1 /Github/Xiaoshuo/index.php?m=Home&c=Curl&a=index
INFO: [ app_init ] --START--
INFO: Run Behavior\BuildLiteBehavior [ RunTime:0.000059s ]
INFO: [ app_init ] --END-- [ RunTime:0.000953s ]
INFO: [ app_begin ] --START--
INFO: Run Behavior\ReadHtmlCacheBehavior [ RunTime:0.000757s ]
INFO: [ app_begin ] --END-- [ RunTime:0.000969s ]
NOTIC: [2] explode() expects parameter 2 to be string, array given F:\wamp\www\Github\Xiaoshuo\Home\Controller\CurlController.class.php 第 58 行.
NOTIC: [2] explode() expects parameter 2 to be string, array given F:\wamp\www\Github\Xiaoshuo\Home\Controller\CurlController.class.php 第 58 行.
NOTIC: [2] explode() expects parameter 2 to be string, array given F:\wamp\www\Github\Xiaoshuo\Home\Controller\CurlController.class.php 第 58 行.
INFO: [ app_end ] --START--
INFO: Run Behavior\ShowPageTraceBehavior [ RunTime:0.001151s ]
INFO: [ app_end ] --END-- [ RunTime:0.001372s ]

[ 2018-05-15T19:02:55+08:00 ] ::1 /Github/Xiaoshuo/index.php?m=Home&c=Curl&a=index
INFO: [ app_init ] --START--
INFO: Run Behavior\BuildLiteBehavior [ RunTime:0.000054s ]
INFO: [ app_init ] --END-- [ RunTime:0.000994s ]
INFO: [ app_begin ] --START--
INFO: Run Behavior\ReadHtmlCacheBehavior [ RunTime:0.001697s ]
INFO: [ app_begin ] --END-- [ RunTime:0.001922s ]
NOTIC: [8] Array to string conversion F:\wamp\www\Github\Xiaoshuo\Home\Controller\CurlController.class.php 第 58 行.
NOTIC: [2] explode() expects parameter 2 to be string, array given F:\wamp\www\Github\Xiaoshuo\Home\Controller\CurlController.class.php 第 59 行.
NOTIC: [8] Array to string conversion F:\wamp\www\Github\Xiaoshuo\Home\Controller\CurlController.class.php 第 58 行.
NOTIC: [2] explode() expects parameter 2 to be string, array given F:\wamp\www\Github\Xiaoshuo\Home\Controller\CurlController.class.php 第 59 行.
NOTIC: [8] Array to string conversion F:\wamp\www\Github\Xiaoshuo\Home\Controller\CurlController.class.php 第 58 行.
NOTIC: [2] explode() expects parameter 2 to be string, array given F:\wamp\www\Github\Xiaoshuo\Home\Controller\CurlController.class.php 第 59 行.
INFO: [ app_end ] --START--
INFO: Run Behavior\ShowPageTraceBehavior [ RunTime:0.001550s ]
INFO: [ app_end ] --END-- [ RunTime:0.001829s ]

[ 2018-05-15T19:03:14+08:00 ] ::1 /Github/Xiaoshuo/index.php?m=Home&c=Curl&a=index
INFO: [ app_init ] --START--
INFO: Run Behavior\BuildLiteBehavior [ RunTime:0.000039s ]
INFO: [ app_init ] --END-- [ RunTime:0.000555s ]
INFO: [ app_begin ] --START--
INFO: Run Behavior\ReadHtmlCacheBehavior [ RunTime:0.001759s ]
INFO: [ app_begin ] --END-- [ RunTime:0.002086s ]
INFO: [ app_end ] --START--
INFO: Run Behavior\ShowPageTraceBehavior [ RunTime:0.002330s ]
INFO: [ app_end ] --END-- [ RunTime:0.003436s ]

[ 2018-05-15T19:04:21+08:00 ] ::1 /Github/Xiaoshuo/index.php?m=Home&c=Curl&a=index
INFO: [ app_init ] --START--
INFO: Run Behavior\BuildLiteBehavior [ RunTime:0.000050s ]
INFO: [ app_init ] --END-- [ RunTime:0.001000s ]
INFO: [ app_begin ] --START--
INFO: Run Behavior\ReadHtmlCacheBehavior [ RunTime:0.001125s ]
INFO: [ app_begin ] --END-- [ RunTime:0.001407s ]
INFO: [ app_end ] --START--
INFO: Run Behavior\ShowPageTraceBehavior [ RunTime:0.001113s ]
INFO: [ app_end ] --END-- [ RunTime:0.001375s ]

[ 2018-05-15T19:05:42+08:00 ] ::1 /Github/Xiaoshuo/index.php?m=Home&c=Curl&a=index
INFO: [ app_init ] --START--
INFO: Run Behavior\BuildLiteBehavior [ RunTime:0.000038s ]
INFO: [ app_init ] --END-- [ RunTime:0.000798s ]
INFO: [ app_begin ] --START--
INFO: Run Behavior\ReadHtmlCacheBehavior [ RunTime:0.000753s ]
INFO: [ app_begin ] --END-- [ RunTime:0.000940s ]

[ 2018-05-15T19:06:10+08:00 ] ::1 /Github/Xiaoshuo/index.php?m=Home&c=Curl&a=index
INFO: [ app_init ] --START--
INFO: Run Behavior\BuildLiteBehavior [ RunTime:0.000040s ]
INFO: [ app_init ] --END-- [ RunTime:0.000668s ]
INFO: [ app_begin ] --START--
INFO: Run Behavior\ReadHtmlCacheBehavior [ RunTime:0.000541s ]
INFO: [ app_begin ] --END-- [ RunTime:0.000686s ]
INFO: [ app_end ] --START--
INFO: Run Behavior\ShowPageTraceBehavior [ RunTime:0.001470s ]
INFO: [ app_end ] --END-- [ RunTime:0.001906s ]

[ 2018-05-15T19:07:00+08:00 ] ::1 /Github/Xiaoshuo/index.php?m=Home&c=Curl&a=index
INFO: [ app_init ] --START--
INFO: Run Behavior\BuildLiteBehavior [ RunTime:0.000051s ]
INFO: [ app_init ] --END-- [ RunTime:0.000777s ]
INFO: [ app_begin ] --START--
INFO: Run Behavior\ReadHtmlCacheBehavior [ RunTime:0.001480s ]
INFO: [ app_begin ] --END-- [ RunTime:0.001707s ]
INFO: [ app_end ] --START--
INFO: Run Behavior\ShowPageTraceBehavior [ RunTime:0.002200s ]
INFO: [ app_end ] --END-- [ RunTime:0.002763s ]

[ 2018-05-15T19:07:42+08:00 ] ::1 /Github/Xiaoshuo/index.php?m=Home&c=Curl&a=index
INFO: [ app_init ] --START--
INFO: Run Behavior\BuildLiteBehavior [ RunTime:0.000035s ]
INFO: [ app_init ] --END-- [ RunTime:0.001579s ]
INFO: [ app_begin ] --START--
INFO: Run Behavior\ReadHtmlCacheBehavior [ RunTime:0.001013s ]
INFO: [ app_begin ] --END-- [ RunTime:0.001225s ]
INFO: [ app_end ] --START--
INFO: Run Behavior\ShowPageTraceBehavior [ RunTime:0.000899s ]
INFO: [ app_end ] --END-- [ RunTime:0.001115s ]

[ 2018-05-15T19:09:02+08:00 ] ::1 /Github/Xiaoshuo/index.php?m=Home&c=Curl&a=index
INFO: [ app_init ] --START--
INFO: Run Behavior\BuildLiteBehavior [ RunTime:0.000027s ]
INFO: [ app_init ] --END-- [ RunTime:0.000568s ]
INFO: [ app_begin ] --START--
INFO: Run Behavior\ReadHtmlCacheBehavior [ RunTime:0.000698s ]
INFO: [ app_begin ] --END-- [ RunTime:0.000846s ]
NOTIC: [8] Undefined offset: 3 F:\wamp\www\Github\Xiaoshuo\Home\Controller\CurlController.class.php 第 19 行.
NOTIC: [8] Undefined offset: 0 F:\wamp\www\Github\Xiaoshuo\Home\Controller\CurlController.class.php 第 47 行.
NOTIC: [8] Undefined offset: 0 F:\wamp\www\Github\Xiaoshuo\Home\Controller\CurlController.class.php 第 56 行.
NOTIC: [8] Undefined offset: 0 F:\wamp\www\Github\Xiaoshuo\Home\Controller\CurlController.class.php 第 58 行.
NOTIC: [8] Undefined offset: 1 F:\wamp\www\Github\Xiaoshuo\Home\Controller\CurlController.class.php 第 47 行.
NOTIC: [8] Undefined offset: 0 F:\wamp\www\Github\Xiaoshuo\Home\Controller\CurlController.class.php 第 56 行.
NOTIC: [8] Undefined offset: 0 F:\wamp\www\Github\Xiaoshuo\Home\Controller\CurlController.class.php 第 58 行.
NOTIC: [8] Undefined offset: 2 F:\wamp\www\Github\Xiaoshuo\Home\Controller\CurlController.class.php 第 47 行.
NOTIC: [8] Undefined offset: 0 F:\wamp\www\Github\Xiaoshuo\Home\Controller\CurlController.class.php 第 56 行.
NOTIC: [8] Undefined offset: 0 F:\wamp\www\Github\Xiaoshuo\Home\Controller\CurlController.class.php 第 58 行.
NOTIC: [8] Undefined offset: 3 F:\wamp\www\Github\Xiaoshuo\Home\Controller\CurlController.class.php 第 38 行.
INFO: [ app_end ] --START--
INFO: Run Behavior\ShowPageTraceBehavior [ RunTime:0.000851s ]
INFO: [ app_end ] --END-- [ RunTime:0.001032s ]

[ 2018-05-15T19:09:22+08:00 ] ::1 /Github/Xiaoshuo/index.php?m=Home&c=Curl&a=index
INFO: [ app_init ] --START--
INFO: Run Behavior\BuildLiteBehavior [ RunTime:0.000056s ]
INFO: [ app_init ] --END-- [ RunTime:0.002342s ]
INFO: [ app_begin ] --START--
INFO: Run Behavior\ReadHtmlCacheBehavior [ RunTime:0.000564s ]
INFO: [ app_begin ] --END-- [ RunTime:0.000730s ]
NOTIC: [8] Undefined offset: 3 F:\wamp\www\Github\Xiaoshuo\Home\Controller\CurlController.class.php 第 19 行.
NOTIC: [8] Undefined offset: 0 F:\wamp\www\Github\Xiaoshuo\Home\Controller\CurlController.class.php 第 47 行.
NOTIC: [8] Undefined offset: 0 F:\wamp\www\Github\Xiaoshuo\Home\Controller\CurlController.class.php 第 56 行.
NOTIC: [8] Undefined offset: 0 F:\wamp\www\Github\Xiaoshuo\Home\Controller\CurlController.class.php 第 58 行.
NOTIC: [8] Undefined offset: 1 F:\wamp\www\Github\Xiaoshuo\Home\Controller\CurlController.class.php 第 47 行.
NOTIC: [8] Undefined offset: 0 F:\wamp\www\Github\Xiaoshuo\Home\Controller\CurlController.class.php 第 56 行.
NOTIC: [8] Undefined offset: 0 F:\wamp\www\Github\Xiaoshuo\Home\Controller\CurlController.class.php 第 58 行.
NOTIC: [8] Undefined offset: 2 F:\wamp\www\Github\Xiaoshuo\Home\Controller\CurlController.class.php 第 47 行.
NOTIC: [8] Undefined offset: 0 F:\wamp\www\Github\Xiaoshuo\Home\Controller\CurlController.class.php 第 56 行.
NOTIC: [8] Undefined offset: 0 F:\wamp\www\Github\Xiaoshuo\Home\Controller\CurlController.class.php 第 58 行.
NOTIC: [8] Undefined offset: 3 F:\wamp\www\Github\Xiaoshuo\Home\Controller\CurlController.class.php 第 38 行.
INFO: [ app_end ] --START--
INFO: Run Behavior\ShowPageTraceBehavior [ RunTime:0.001294s ]
INFO: [ app_end ] --END-- [ RunTime:0.001568s ]

[ 2018-05-15T19:09:26+08:00 ] ::1 /Github/Xiaoshuo/index.php?m=Home&c=Curl&a=index
INFO: [ app_init ] --START--
INFO: Run Behavior\BuildLiteBehavior [ RunTime:0.000048s ]
INFO: [ app_init ] --END-- [ RunTime:0.000808s ]
INFO: [ app_begin ] --START--
INFO: Run Behavior\ReadHtmlCacheBehavior [ RunTime:0.000893s ]
INFO: [ app_begin ] --END-- [ RunTime:0.001147s ]
NOTIC: [8] Undefined offset: 3 F:\wamp\www\Github\Xiaoshuo\Home\Controller\CurlController.class.php 第 19 行.
NOTIC: [8] Undefined offset: 0 F:\wamp\www\Github\Xiaoshuo\Home\Controller\CurlController.class.php 第 47 行.
NOTIC: [8] Undefined offset: 0 F:\wamp\www\Github\Xiaoshuo\Home\Controller\CurlController.class.php 第 56 行.
NOTIC: [8] Undefined offset: 0 F:\wamp\www\Github\Xiaoshuo\Home\Controller\CurlController.class.php 第 58 行.
NOTIC: [8] Undefined offset: 1 F:\wamp\www\Github\Xiaoshuo\Home\Controller\CurlController.class.php 第 47 行.
NOTIC: [8] Undefined offset: 0 F:\wamp\www\Github\Xiaoshuo\Home\Controller\CurlController.class.php 第 56 行.
NOTIC: [8] Undefined offset: 0 F:\wamp\www\Github\Xiaoshuo\Home\Controller\CurlController.class.php 第 58 行.
NOTIC: [8] Undefined offset: 2 F:\wamp\www\Github\Xiaoshuo\Home\Controller\CurlController.class.php 第 47 行.
NOTIC: [8] Undefined offset: 0 F:\wamp\www\Github\Xiaoshuo\Home\Controller\CurlController.class.php 第 56 行.
NOTIC: [8] Undefined offset: 0 F:\wamp\www\Github\Xiaoshuo\Home\Controller\CurlController.class.php 第 58 行.
NOTIC: [8] Undefined offset: 3 F:\wamp\www\Github\Xiaoshuo\Home\Controller\CurlController.class.php 第 38 行.
INFO: [ app_end ] --START--
INFO: Run Behavior\ShowPageTraceBehavior [ RunTime:0.001347s ]
INFO: [ app_end ] --END-- [ RunTime:0.001692s ]

[ 2018-05-15T19:09:30+08:00 ] ::1 /Github/Xiaoshuo/index.php?m=Home&c=Curl&a=index
INFO: [ app_init ] --START--
INFO: Run Behavior\BuildLiteBehavior [ RunTime:0.000029s ]
INFO: [ app_init ] --END-- [ RunTime:0.000486s ]
INFO: [ app_begin ] --START--
INFO: Run Behavior\ReadHtmlCacheBehavior [ RunTime:0.000554s ]
INFO: [ app_begin ] --END-- [ RunTime:0.000730s ]
NOTIC: [8] Undefined offset: 3 F:\wamp\www\Github\Xiaoshuo\Home\Controller\CurlController.class.php 第 19 行.
NOTIC: [8] Undefined offset: 0 F:\wamp\www\Github\Xiaoshuo\Home\Controller\CurlController.class.php 第 47 行.
NOTIC: [8] Undefined offset: 0 F:\wamp\www\Github\Xiaoshuo\Home\Controller\CurlController.class.php 第 56 行.
NOTIC: [8] Undefined offset: 0 F:\wamp\www\Github\Xiaoshuo\Home\Controller\CurlController.class.php 第 58 行.
NOTIC: [8] Undefined offset: 1 F:\wamp\www\Github\Xiaoshuo\Home\Controller\CurlController.class.php 第 47 行.
NOTIC: [8] Undefined offset: 0 F:\wamp\www\Github\Xiaoshuo\Home\Controller\CurlController.class.php 第 56 行.
NOTIC: [8] Undefined offset: 0 F:\wamp\www\Github\Xiaoshuo\Home\Controller\CurlController.class.php 第 58 行.
NOTIC: [8] Undefined offset: 2 F:\wamp\www\Github\Xiaoshuo\Home\Controller\CurlController.class.php 第 47 行.
NOTIC: [8] Undefined offset: 0 F:\wamp\www\Github\Xiaoshuo\Home\Controller\CurlController.class.php 第 56 行.
NOTIC: [8] Undefined offset: 0 F:\wamp\www\Github\Xiaoshuo\Home\Controller\CurlController.class.php 第 58 行.
NOTIC: [8] Undefined offset: 3 F:\wamp\www\Github\Xiaoshuo\Home\Controller\CurlController.class.php 第 38 行.
INFO: [ app_end ] --START--
INFO: Run Behavior\ShowPageTraceBehavior [ RunTime:0.000802s ]
INFO: [ app_end ] --END-- [ RunTime:0.000973s ]

[ 2018-05-15T19:10:03+08:00 ] ::1 /Github/Xiaoshuo/index.php?m=Home&c=Curl&a=index
INFO: [ app_init ] --START--
INFO: Run Behavior\BuildLiteBehavior [ RunTime:0.000033s ]
INFO: [ app_init ] --END-- [ RunTime:0.000540s ]
INFO: [ app_begin ] --START--
INFO: Run Behavior\ReadHtmlCacheBehavior [ RunTime:0.000955s ]
INFO: [ app_begin ] --END-- [ RunTime:0.001186s ]
NOTIC: [8] Undefined offset: 3 F:\wamp\www\Github\Xiaoshuo\Home\Controller\CurlController.class.php 第 19 行.
NOTIC: [8] Undefined offset: 0 F:\wamp\www\Github\Xiaoshuo\Home\Controller\CurlController.class.php 第 47 行.
NOTIC: [8] Undefined offset: 0 F:\wamp\www\Github\Xiaoshuo\Home\Controller\CurlController.class.php 第 56 行.
NOTIC: [8] Undefined offset: 0 F:\wamp\www\Github\Xiaoshuo\Home\Controller\CurlController.class.php 第 58 行.
NOTIC: [8] Undefined offset: 0 F:\wamp\www\Github\Xiaoshuo\Home\Controller\CurlController.class.php 第 62 行.
NOTIC: [8] Undefined offset: 1 F:\wamp\www\Github\Xiaoshuo\Home\Controller\CurlController.class.php 第 47 行.
NOTIC: [8] Undefined offset: 0 F:\wamp\www\Github\Xiaoshuo\Home\Controller\CurlController.class.php 第 56 行.
NOTIC: [8] Undefined offset: 0 F:\wamp\www\Github\Xiaoshuo\Home\Controller\CurlController.class.php 第 58 行.
NOTIC: [8] Undefined offset: 0 F:\wamp\www\Github\Xiaoshuo\Home\Controller\CurlController.class.php 第 62 行.
NOTIC: [8] Undefined offset: 2 F:\wamp\www\Github\Xiaoshuo\Home\Controller\CurlController.class.php 第 47 行.
NOTIC: [8] Undefined offset: 0 F:\wamp\www\Github\Xiaoshuo\Home\Controller\CurlController.class.php 第 56 行.
NOTIC: [8] Undefined offset: 0 F:\wamp\www\Github\Xiaoshuo\Home\Controller\CurlController.class.php 第 58 行.
NOTIC: [8] Undefined offset: 0 F:\wamp\www\Github\Xiaoshuo\Home\Controller\CurlController.class.php 第 62 行.
NOTIC: [8] Undefined offset: 3 F:\wamp\www\Github\Xiaoshuo\Home\Controller\CurlController.class.php 第 38 行.
INFO: [ app_end ] --START--
INFO: Run Behavior\ShowPageTraceBehavior [ RunTime:0.000784s ]
INFO: [ app_end ] --END-- [ RunTime:0.000943s ]

[ 2018-05-15T19:10:07+08:00 ] ::1 /Github/Xiaoshuo/index.php?m=Home&c=Curl&a=index
INFO: [ app_init ] --START--
INFO: Run Behavior\BuildLiteBehavior [ RunTime:0.000056s ]
INFO: [ app_init ] --END-- [ RunTime:0.000795s ]
INFO: [ app_begin ] --START--
INFO: Run Behavior\ReadHtmlCacheBehavior [ RunTime:0.000564s ]
INFO: [ app_begin ] --END-- [ RunTime:0.000727s ]
NOTIC: [8] Undefined offset: 3 F:\wamp\www\Github\Xiaoshuo\Home\Controller\CurlController.class.php 第 19 行.
NOTIC: [8] Undefined offset: 0 F:\wamp\www\Github\Xiaoshuo\Home\Controller\CurlController.class.php 第 47 行.
NOTIC: [8] Undefined offset: 0 F:\wamp\www\Github\Xiaoshuo\Home\Controller\CurlController.class.php 第 56 行.
NOTIC: [8] Undefined offset: 0 F:\wamp\www\Github\Xiaoshuo\Home\Controller\CurlController.class.php 第 58 行.
NOTIC: [8] Undefined offset: 0 F:\wamp\www\Github\Xiaoshuo\Home\Controller\CurlController.class.php 第 62 行.
NOTIC: [8] Undefined offset: 1 F:\wamp\www\Github\Xiaoshuo\Home\Controller\CurlController.class.php 第 47 行.
NOTIC: [8] Undefined offset: 0 F:\wamp\www\Github\Xiaoshuo\Home\Controller\CurlController.class.php 第 56 行.
NOTIC: [8] Undefined offset: 0 F:\wamp\www\Github\Xiaoshuo\Home\Controller\CurlController.class.php 第 58 行.
NOTIC: [8] Undefined offset: 0 F:\wamp\www\Github\Xiaoshuo\Home\Controller\CurlController.class.php 第 62 行.
NOTIC: [8] Undefined offset: 2 F:\wamp\www\Github\Xiaoshuo\Home\Controller\CurlController.class.php 第 47 行.
NOTIC: [8] Undefined offset: 0 F:\wamp\www\Github\Xiaoshuo\Home\Controller\CurlController.class.php 第 56 行.
NOTIC: [8] Undefined offset: 0 F:\wamp\www\Github\Xiaoshuo\Home\Controller\CurlController.class.php 第 58 行.
NOTIC: [8] Undefined offset: 0 F:\wamp\www\Github\Xiaoshuo\Home\Controller\CurlController.class.php 第 62 行.
NOTIC: [8] Undefined offset: 3 F:\wamp\www\Github\Xiaoshuo\Home\Controller\CurlController.class.php 第 38 行.
INFO: [ app_end ] --START--
INFO: Run Behavior\ShowPageTraceBehavior [ RunTime:0.000889s ]
INFO: [ app_end ] --END-- [ RunTime:0.001067s ]

[ 2018-05-15T19:10:10+08:00 ] ::1 /Github/Xiaoshuo/index.php?m=Home&c=Curl&a=index
INFO: [ app_init ] --START--
INFO: Run Behavior\BuildLiteBehavior [ RunTime:0.000063s ]
INFO: [ app_init ] --END-- [ RunTime:0.000911s ]
INFO: [ app_begin ] --START--
INFO: Run Behavior\ReadHtmlCacheBehavior [ RunTime:0.000592s ]
INFO: [ app_begin ] --END-- [ RunTime:0.000755s ]
NOTIC: [8] Undefined offset: 3 F:\wamp\www\Github\Xiaoshuo\Home\Controller\CurlController.class.php 第 19 行.
NOTIC: [8] Undefined offset: 0 F:\wamp\www\Github\Xiaoshuo\Home\Controller\CurlController.class.php 第 47 行.
NOTIC: [8] Undefined offset: 0 F:\wamp\www\Github\Xiaoshuo\Home\Controller\CurlController.class.php 第 56 行.
NOTIC: [8] Undefined offset: 0 F:\wamp\www\Github\Xiaoshuo\Home\Controller\CurlController.class.php 第 58 行.
NOTIC: [8] Undefined offset: 0 F:\wamp\www\Github\Xiaoshuo\Home\Controller\CurlController.class.php 第 62 行.
NOTIC: [8] Undefined offset: 1 F:\wamp\www\Github\Xiaoshuo\Home\Controller\CurlController.class.php 第 47 行.
NOTIC: [8] Undefined offset: 0 F:\wamp\www\Github\Xiaoshuo\Home\Controller\CurlController.class.php 第 56 行.
NOTIC: [8] Undefined offset: 0 F:\wamp\www\Github\Xiaoshuo\Home\Controller\CurlController.class.php 第 58 行.
NOTIC: [8] Undefined offset: 0 F:\wamp\www\Github\Xiaoshuo\Home\Controller\CurlController.class.php 第 62 行.
NOTIC: [8] Undefined offset: 2 F:\wamp\www\Github\Xiaoshuo\Home\Controller\CurlController.class.php 第 47 行.
NOTIC: [8] Undefined offset: 0 F:\wamp\www\Github\Xiaoshuo\Home\Controller\CurlController.class.php 第 56 行.
NOTIC: [8] Undefined offset: 0 F:\wamp\www\Github\Xiaoshuo\Home\Controller\CurlController.class.php 第 58 行.
NOTIC: [8] Undefined offset: 0 F:\wamp\www\Github\Xiaoshuo\Home\Controller\CurlController.class.php 第 62 行.
NOTIC: [8] Undefined offset: 3 F:\wamp\www\Github\Xiaoshuo\Home\Controller\CurlController.class.php 第 38 行.
INFO: [ app_end ] --START--
INFO: Run Behavior\ShowPageTraceBehavior [ RunTime:0.000785s ]
INFO: [ app_end ] --END-- [ RunTime:0.000940s ]

[ 2018-05-15T19:10:22+08:00 ] ::1 /Github/Xiaoshuo/index.php?m=Home&c=Curl&a=index
INFO: [ app_init ] --START--
INFO: Run Behavior\BuildLiteBehavior [ RunTime:0.000136s ]
INFO: [ app_init ] --END-- [ RunTime:0.001317s ]
INFO: [ app_begin ] --START--
INFO: Run Behavior\ReadHtmlCacheBehavior [ RunTime:0.000672s ]
INFO: [ app_begin ] --END-- [ RunTime:0.000812s ]
NOTIC: [8] Undefined offset: 3 F:\wamp\www\Github\Xiaoshuo\Home\Controller\CurlController.class.php 第 19 行.
NOTIC: [8] Undefined offset: 0 F:\wamp\www\Github\Xiaoshuo\Home\Controller\CurlController.class.php 第 47 行.
NOTIC: [8] Undefined offset: 0 F:\wamp\www\Github\Xiaoshuo\Home\Controller\CurlController.class.php 第 56 行.
NOTIC: [8] Undefined offset: 0 F:\wamp\www\Github\Xiaoshuo\Home\Controller\CurlController.class.php 第 58 行.
NOTIC: [8] Undefined offset: 0 F:\wamp\www\Github\Xiaoshuo\Home\Controller\CurlController.class.php 第 62 行.
NOTIC: [8] Undefined offset: 1 F:\wamp\www\Github\Xiaoshuo\Home\Controller\CurlController.class.php 第 47 行.
NOTIC: [8] Undefined offset: 0 F:\wamp\www\Github\Xiaoshuo\Home\Controller\CurlController.class.php 第 56 行.
NOTIC: [8] Undefined offset: 0 F:\wamp\www\Github\Xiaoshuo\Home\Controller\CurlController.class.php 第 58 行.
NOTIC: [8] Undefined offset: 0 F:\wamp\www\Github\Xiaoshuo\Home\Controller\CurlController.class.php 第 62 行.
NOTIC: [8] Undefined offset: 2 F:\wamp\www\Github\Xiaoshuo\Home\Controller\CurlController.class.php 第 47 行.
NOTIC: [8] Undefined offset: 0 F:\wamp\www\Github\Xiaoshuo\Home\Controller\CurlController.class.php 第 56 行.
NOTIC: [8] Undefined offset: 0 F:\wamp\www\Github\Xiaoshuo\Home\Controller\CurlController.class.php 第 58 行.
NOTIC: [8] Undefined offset: 0 F:\wamp\www\Github\Xiaoshuo\Home\Controller\CurlController.class.php 第 62 行.
NOTIC: [8] Undefined offset: 3 F:\wamp\www\Github\Xiaoshuo\Home\Controller\CurlController.class.php 第 38 行.
INFO: [ app_end ] --START--
INFO: Run Behavior\ShowPageTraceBehavior [ RunTime:0.000819s ]
INFO: [ app_end ] --END-- [ RunTime:0.000981s ]

[ 2018-05-15T19:11:00+08:00 ] ::1 /Github/Xiaoshuo/index.php?m=Home&c=Curl&a=index
INFO: [ app_init ] --START--
INFO: Run Behavior\BuildLiteBehavior [ RunTime:0.000039s ]
INFO: [ app_init ] --END-- [ RunTime:0.000546s ]
INFO: [ app_begin ] --START--
INFO: Run Behavior\ReadHtmlCacheBehavior [ RunTime:0.000988s ]
INFO: [ app_begin ] --END-- [ RunTime:0.001284s ]
INFO: [ app_end ] --START--
INFO: Run Behavior\ShowPageTraceBehavior [ RunTime:0.001565s ]
INFO: [ app_end ] --END-- [ RunTime:0.001990s ]

[ 2018-05-15T19:12:05+08:00 ] ::1 /Github/Xiaoshuo/index.php?m=Home&c=Curl&a=index
INFO: [ app_init ] --START--
INFO: Run Behavior\BuildLiteBehavior [ RunTime:0.000038s ]
INFO: [ app_init ] --END-- [ RunTime:0.000957s ]
INFO: [ app_begin ] --START--
INFO: Run Behavior\ReadHtmlCacheBehavior [ RunTime:0.000711s ]
INFO: [ app_begin ] --END-- [ RunTime:0.000861s ]
INFO: [ app_end ] --START--
INFO: Run Behavior\ShowPageTraceBehavior [ RunTime:0.000865s ]
INFO: [ app_end ] --END-- [ RunTime:0.001035s ]

[ 2018-05-15T19:12:50+08:00 ] ::1 /Github/Xiaoshuo/index.php?m=Home&c=Curl&a=index
INFO: [ app_init ] --START--
INFO: Run Behavior\BuildLiteBehavior [ RunTime:0.000028s ]
INFO: [ app_init ] --END-- [ RunTime:0.000538s ]
INFO: [ app_begin ] --START--
INFO: Run Behavior\ReadHtmlCacheBehavior [ RunTime:0.000973s ]
INFO: [ app_begin ] --END-- [ RunTime:0.001192s ]
INFO: [ app_end ] --START--
INFO: Run Behavior\ShowPageTraceBehavior [ RunTime:0.001149s ]
INFO: [ app_end ] --END-- [ RunTime:0.001427s ]

[ 2018-05-15T19:13:18+08:00 ] ::1 /Github/Xiaoshuo/index.php?m=Home&c=Curl&a=index
INFO: [ app_init ] --START--
INFO: Run Behavior\BuildLiteBehavior [ RunTime:0.000049s ]
INFO: [ app_init ] --END-- [ RunTime:0.000859s ]
INFO: [ app_begin ] --START--
INFO: Run Behavior\ReadHtmlCacheBehavior [ RunTime:0.000806s ]
INFO: [ app_begin ] --END-- [ RunTime:0.001120s ]
INFO: [ app_end ] --START--
INFO: Run Behavior\ShowPageTraceBehavior [ RunTime:0.000973s ]
INFO: [ app_end ] --END-- [ RunTime:0.001231s ]

